{"type":"server-started","port":50658,"host":"127.0.0.1","url_host":"localhost","url":"http://localhost:50658","screen_dir":"/Users/zj81920/应用开发/zj-huadong-erp/.superpowers/brainstorm/83105-1780582808/content","state_dir":"/Users/zj81920/应用开发/zj-huadong-erp/.superpowers/brainstorm/83105-1780582808/state"}
{"type":"screen-added","file":"/Users/zj81920/应用开发/zj-huadong-erp/.superpowers/brainstorm/83105-1780582808/content/current-problems.html"}
{"type":"screen-updated","file":"/Users/zj81920/应用开发/zj-huadong-erp/.superpowers/brainstorm/83105-1780582808/content/current-problems.html"}
{"type":"screen-updated","file":"/Users/zj81920/应用开发/zj-huadong-erp/.superpowers/brainstorm/83105-1780582808/content/current-problems.html"}
{"type":"screen-updated","file":"/Users/zj81920/应用开发/zj-huadong-erp/.superpowers/brainstorm/83105-1780582808/content/current-problems.html"}
{"type":"screen-updated","file":"/Users/zj81920/应用开发/zj-huadong-erp/.superpowers/brainstorm/83105-1780582808/content/current-problems.html"}
{"type":"screen-updated","file":"/Users/zj81920/应用开发/zj-huadong-erp/.superpowers/brainstorm/83105-1780582808/content/current-problems.html"}
{"type":"screen-updated","file":"/Users/zj81920/应用开发/zj-huadong-erp/.superpowers/brainstorm/83105-1780582808/content/current-problems.html"}
{"type":"screen-updated","file":"/Users/zj81920/应用开发/zj-huadong-erp/.superpowers/brainstorm/83105-1780582808/content/current-problems.html"}
{"type":"screen-updated","file":"/Users/zj81920/应用开发/zj-huadong-erp/.superpowers/brainstorm/83105-1780582808/content/current-problems.html"}
{"type":"screen-updated","file":"/Users/zj81920/应用开发/zj-huadong-erp/.superpowers/brainstorm/83105-1780582808/content/current-problems.html"}
{"type":"screen-updated","file":"/Users/zj81920/应用开发/zj-huadong-erp/.superpowers/brainstorm/83105-1780582808/content/current-problems.html"}
{"type":"screen-updated","file":"/Users/zj81920/应用开发/zj-huadong-erp/.superpowers/brainstorm/83105-1780582808/content/current-problems.html"}
{"type":"screen-updated","file":"/Users/zj81920/应用开发/zj-huadong-erp/.superpowers/brainstorm/83105-1780582808/content/current-problems.html"}
{"type":"screen-updated","file":"/Users/zj81920/应用开发/zj-huadong-erp/.superpowers/brainstorm/83105-1780582808/content/current-problems.html"}
{"type":"screen-updated","file":"/Users/zj81920/应用开发/zj-huadong-erp/.superpowers/brainstorm/83105-1780582808/content/current-problems.html"}
{"type":"screen-updated","file":"/Users/zj81920/应用开发/zj-huadong-erp/.superpowers/brainstorm/83105-1780582808/content/current-problems.html"}
{"type":"screen-updated","file":"/Users/zj81920/应用开发/zj-huadong-erp/.superpowers/brainstorm/83105-1780582808/content/current-problems.html"}
{"type":"screen-updated","file":"/Users/zj81920/应用开发/zj-huadong-erp/.superpowers/brainstorm/83105-1780582808/content/current-problems.html"}
{"type":"screen-updated","file":"/Users/zj81920/应用开发/zj-huadong-erp/.superpowers/brainstorm/83105-1780582808/content/current-problems.html"}
{"type":"screen-updated","file":"/Users/zj81920/应用开发/zj-huadong-erp/.superpowers/brainstorm/83105-1780582808/content/current-problems.html"}
{"type":"screen-updated","file":"/Users/zj81920/应用开发/zj-huadong-erp/.superpowers/brainstorm/83105-1780582808/content/current-problems.html"}
{"type":"screen-updated","file":"/Users/zj81920/应用开发/zj-huadong-erp/.superpowers/brainstorm/83105-1780582808/content/current-problems.html"}
{"type":"screen-updated","file":"/Users/zj81920/应用开发/zj-huadong-erp/.superpowers/brainstorm/83105-1780582808/content/current-problems.html"}
{"type":"screen-updated","file":"/Users/zj81920/应用开发/zj-huadong-erp/.superpowers/brainstorm/83105-1780582808/content/current-problems.html"}
{"type":"screen-updated","file":"/Users/zj81920/应用开发/zj-huadong-erp/.superpowers/brainstorm/83105-1780582808/content/current-problems.html"}
{"type":"screen-updated","file":"/Users/zj81920/应用开发/zj-huadong-erp/.superpowers/brainstorm/83105-1780582808/content/current-problems.html"}
{"type":"screen-updated","file":"/Users/zj81920/应用开发/zj-huadong-erp/.superpowers/brainstorm/83105-1780582808/content/current-problems.html"}
{"type":"screen-updated","file":"/Users/zj81920/应用开发/zj-huadong-erp/.superpowers/brainstorm/83105-1780582808/content/current-problems.html"}
{"type":"screen-updated","file":"/Users/zj81920/应用开发/zj-huadong-erp/.superpowers/brainstorm/83105-1780582808/content/current-problems.html"}
{"type":"screen-updated","file":"/Users/zj81920/应用开发/zj-huadong-erp/.superpowers/brainstorm/83105-1780582808/content/current-problems.html"}
{"type":"screen-updated","file":"/Users/zj81920/应用开发/zj-huadong-erp/.superpowers/brainstorm/83105-1780582808/content/current-problems.html"}
{"type":"screen-updated","file":"/Users/zj81920/应用开发/zj-huadong-erp/.superpowers/brainstorm/83105-1780582808/content/current-problems.html"}
{"type":"screen-updated","file":"/Users/zj81920/应用开发/zj-huadong-erp/.superpowers/brainstorm/83105-1780582808/content/current-problems.html"}
{"type":"screen-updated","file":"/Users/zj81920/应用开发/zj-huadong-erp/.superpowers/brainstorm/83105-1780582808/content/current-problems.html"}
{"type":"screen-updated","file":"/Users/zj81920/应用开发/zj-huadong-erp/.superpowers/brainstorm/83105-1780582808/content/current-problems.html"}
{"type":"screen-updated","file":"/Users/zj81920/应用开发/zj-huadong-erp/.superpowers/brainstorm/83105-1780582808/content/current-problems.html"}
{"type":"screen-updated","file":"/Users/zj81920/应用开发/zj-huadong-erp/.superpowers/brainstorm/83105-1780582808/content/current-problems.html"}
{"type":"screen-updated","file":"/Users/zj81920/应用开发/zj-huadong-erp/.superpowers/brainstorm/83105-1780582808/content/current-problems.html"}
{"type":"screen-updated","file":"/Users/zj81920/应用开发/zj-huadong-erp/.superpowers/brainstorm/83105-1780582808/content/current-problems.html"}
{"type":"screen-updated","file":"/Users/zj81920/应用开发/zj-huadong-erp/.superpowers/brainstorm/83105-1780582808/content/current-problems.html"}
{"type":"screen-updated","file":"/Users/zj81920/应用开发/zj-huadong-erp/.superpowers/brainstorm/83105-1780582808/content/current-problems.html"}
{"type":"screen-updated","file":"/Users/zj81920/应用开发/zj-huadong-erp/.superpowers/brainstorm/83105-1780582808/content/current-problems.html"}
{"type":"screen-updated","file":"/Users/zj81920/应用开发/zj-huadong-erp/.superpowers/brainstorm/83105-1780582808/content/current-problems.html"}
{"type":"screen-updated","file":"/Users/zj81920/应用开发/zj-huadong-erp/.superpowers/brainstorm/83105-1780582808/content/current-problems.html"}
{"type":"screen-updated","file":"/Users/zj81920/应用开发/zj-huadong-erp/.superpowers/brainstorm/83105-1780582808/content/current-problems.html"}
{"type":"screen-updated","file":"/Users/zj81920/应用开发/zj-huadong-erp/.superpowers/brainstorm/83105-1780582808/content/current-problems.html"}
{"type":"screen-updated","file":"/Users/zj81920/应用开发/zj-huadong-erp/.superpowers/brainstorm/83105-1780582808/content/current-problems.html"}
{"type":"screen-updated","file":"/Users/zj81920/应用开发/zj-huadong-erp/.superpowers/brainstorm/83105-1780582808/content/current-problems.html"}
{"type":"screen-updated","file":"/Users/zj81920/应用开发/zj-huadong-erp/.superpowers/brainstorm/83105-1780582808/content/current-problems.html"}
{"type":"screen-updated","file":"/Users/zj81920/应用开发/zj-huadong-erp/.superpowers/brainstorm/83105-1780582808/content/current-problems.html"}
{"type":"screen-updated","file":"/Users/zj81920/应用开发/zj-huadong-erp/.superpowers/brainstorm/83105-1780582808/content/current-problems.html"}
{"type":"screen-updated","file":"/Users/zj81920/应用开发/zj-huadong-erp/.superpowers/brainstorm/83105-1780582808/content/current-problems.html"}
{"type":"screen-updated","file":"/Users/zj81920/应用开发/zj-huadong-erp/.superpowers/brainstorm/83105-1780582808/content/current-problems.html"}
{"type":"screen-updated","file":"/Users/zj81920/应用开发/zj-huadong-erp/.superpowers/brainstorm/83105-1780582808/content/current-problems.html"}
{"type":"screen-updated","file":"/Users/zj81920/应用开发/zj-huadong-erp/.superpowers/brainstorm/83105-1780582808/content/current-problems.html"}
{"type":"screen-updated","file":"/Users/zj81920/应用开发/zj-huadong-erp/.superpowers/brainstorm/83105-1780582808/content/current-problems.html"}
{"type":"screen-updated","file":"/Users/zj81920/应用开发/zj-huadong-erp/.superpowers/brainstorm/83105-1780582808/content/current-problems.html"}
{"type":"screen-updated","file":"/Users/zj81920/应用开发/zj-huadong-erp/.superpowers/brainstorm/83105-1780582808/content/current-problems.html"}
{"type":"screen-updated","file":"/Users/zj81920/应用开发/zj-huadong-erp/.superpowers/brainstorm/83105-1780582808/content/current-problems.html"}
{"type":"screen-added","file":"/Users/zj81920/应用开发/zj-huadong-erp/.superpowers/brainstorm/83105-1780582808/content/waiting.html"}
{"type":"screen-updated","file":"/Users/zj81920/应用开发/zj-huadong-erp/.superpowers/brainstorm/83105-1780582808/content/waiting.html"}
{"type":"screen-updated","file":"/Users/zj81920/应用开发/zj-huadong-erp/.superpowers/brainstorm/83105-1780582808/content/waiting.html"}
{"type":"screen-updated","file":"/Users/zj81920/应用开发/zj-huadong-erp/.superpowers/brainstorm/83105-1780582808/content/waiting.html"}
{"type":"screen-added","file":"/Users/zj81920/应用开发/zj-huadong-erp/.superpowers/brainstorm/83105-1780582808/content/approaches.html"}
{"type":"screen-updated","file":"/Users/zj81920/应用开发/zj-huadong-erp/.superpowers/brainstorm/83105-1780582808/content/approaches.html"}
{"type":"screen-updated","file":"/Users/zj81920/应用开发/zj-huadong-erp/.superpowers/brainstorm/83105-1780582808/content/approaches.html"}
{"type":"screen-updated","file":"/Users/zj81920/应用开发/zj-huadong-erp/.superpowers/brainstorm/83105-1780582808/content/approaches.html"}
{"type":"screen-updated","file":"/Users/zj81920/应用开发/zj-huadong-erp/.superpowers/brainstorm/83105-1780582808/content/approaches.html"}
{"type":"screen-updated","file":"/Users/zj81920/应用开发/zj-huadong-erp/.superpowers/brainstorm/83105-1780582808/content/approaches.html"}
{"type":"screen-updated","file":"/Users/zj81920/应用开发/zj-huadong-erp/.superpowers/brainstorm/83105-1780582808/content/approaches.html"}
{"type":"screen-updated","file":"/Users/zj81920/应用开发/zj-huadong-erp/.superpowers/brainstorm/83105-1780582808/content/approaches.html"}
{"type":"screen-updated","file":"/Users/zj81920/应用开发/zj-huadong-erp/.superpowers/brainstorm/83105-1780582808/content/approaches.html"}
{"type":"screen-updated","file":"/Users/zj81920/应用开发/zj-huadong-erp/.superpowers/brainstorm/83105-1780582808/content/approaches.html"}
{"type":"screen-updated","file":"/Users/zj81920/应用开发/zj-huadong-erp/.superpowers/brainstorm/83105-1780582808/content/approaches.html"}
{"type":"screen-updated","file":"/Users/zj81920/应用开发/zj-huadong-erp/.superpowers/brainstorm/83105-1780582808/content/approaches.html"}
{"type":"screen-updated","file":"/Users/zj81920/应用开发/zj-huadong-erp/.superpowers/brainstorm/83105-1780582808/content/approaches.html"}
{"type":"screen-updated","file":"/Users/zj81920/应用开发/zj-huadong-erp/.superpowers/brainstorm/83105-1780582808/content/approaches.html"}
{"type":"screen-updated","file":"/Users/zj81920/应用开发/zj-huadong-erp/.superpowers/brainstorm/83105-1780582808/content/approaches.html"}
{"type":"screen-updated","file":"/Users/zj81920/应用开发/zj-huadong-erp/.superpowers/brainstorm/83105-1780582808/content/approaches.html"}
{"type":"screen-updated","file":"/Users/zj81920/应用开发/zj-huadong-erp/.superpowers/brainstorm/83105-1780582808/content/approaches.html"}
{"type":"screen-updated","file":"/Users/zj81920/应用开发/zj-huadong-erp/.superpowers/brainstorm/83105-1780582808/content/approaches.html"}
{"type":"screen-updated","file":"/Users/zj81920/应用开发/zj-huadong-erp/.superpowers/brainstorm/83105-1780582808/content/approaches.html"}
{"type":"screen-updated","file":"/Users/zj81920/应用开发/zj-huadong-erp/.superpowers/brainstorm/83105-1780582808/content/approaches.html"}
{"type":"screen-updated","file":"/Users/zj81920/应用开发/zj-huadong-erp/.superpowers/brainstorm/83105-1780582808/content/approaches.html"}
{"type":"screen-updated","file":"/Users/zj81920/应用开发/zj-huadong-erp/.superpowers/brainstorm/83105-1780582808/content/approaches.html"}
{"type":"screen-updated","file":"/Users/zj81920/应用开发/zj-huadong-erp/.superpowers/brainstorm/83105-1780582808/content/approaches.html"}
{"type":"screen-updated","file":"/Users/zj81920/应用开发/zj-huadong-erp/.superpowers/brainstorm/83105-1780582808/content/approaches.html"}
{"type":"screen-updated","file":"/Users/zj81920/应用开发/zj-huadong-erp/.superpowers/brainstorm/83105-1780582808/content/approaches.html"}
{"type":"screen-updated","file":"/Users/zj81920/应用开发/zj-huadong-erp/.superpowers/brainstorm/83105-1780582808/content/approaches.html"}
{"type":"screen-updated","file":"/Users/zj81920/应用开发/zj-huadong-erp/.superpowers/brainstorm/83105-1780582808/content/approaches.html"}
{"type":"screen-updated","file":"/Users/zj81920/应用开发/zj-huadong-erp/.superpowers/brainstorm/83105-1780582808/content/approaches.html"}
{"type":"screen-updated","file":"/Users/zj81920/应用开发/zj-huadong-erp/.superpowers/brainstorm/83105-1780582808/content/approaches.html"}
{"type":"screen-updated","file":"/Users/zj81920/应用开发/zj-huadong-erp/.superpowers/brainstorm/83105-1780582808/content/approaches.html"}
{"type":"screen-updated","file":"/Users/zj81920/应用开发/zj-huadong-erp/.superpowers/brainstorm/83105-1780582808/content/approaches.html"}
{"type":"screen-updated","file":"/Users/zj81920/应用开发/zj-huadong-erp/.superpowers/brainstorm/83105-1780582808/content/approaches.html"}
{"type":"screen-updated","file":"/Users/zj81920/应用开发/zj-huadong-erp/.superpowers/brainstorm/83105-1780582808/content/approaches.html"}
{"type":"screen-updated","file":"/Users/zj81920/应用开发/zj-huadong-erp/.superpowers/brainstorm/83105-1780582808/content/approaches.html"}
{"type":"screen-updated","file":"/Users/zj81920/应用开发/zj-huadong-erp/.superpowers/brainstorm/83105-1780582808/content/approaches.html"}
{"type":"screen-updated","file":"/Users/zj81920/应用开发/zj-huadong-erp/.superpowers/brainstorm/83105-1780582808/content/approaches.html"}
{"type":"screen-updated","file":"/Users/zj81920/应用开发/zj-huadong-erp/.superpowers/brainstorm/83105-1780582808/content/approaches.html"}
{"type":"screen-updated","file":"/Users/zj81920/应用开发/zj-huadong-erp/.superpowers/brainstorm/83105-1780582808/content/approaches.html"}
{"type":"screen-updated","file":"/Users/zj81920/应用开发/zj-huadong-erp/.superpowers/brainstorm/83105-1780582808/content/approaches.html"}
{"type":"screen-updated","file":"/Users/zj81920/应用开发/zj-huadong-erp/.superpowers/brainstorm/83105-1780582808/content/approaches.html"}
{"type":"screen-updated","file":"/Users/zj81920/应用开发/zj-huadong-erp/.superpowers/brainstorm/83105-1780582808/content/approaches.html"}
{"type":"screen-updated","file":"/Users/zj81920/应用开发/zj-huadong-erp/.superpowers/brainstorm/83105-1780582808/content/approaches.html"}
{"type":"screen-updated","file":"/Users/zj81920/应用开发/zj-huadong-erp/.superpowers/brainstorm/83105-1780582808/content/approaches.html"}
{"type":"screen-updated","file":"/Users/zj81920/应用开发/zj-huadong-erp/.superpowers/brainstorm/83105-1780582808/content/approaches.html"}
{"type":"screen-updated","file":"/Users/zj81920/应用开发/zj-huadong-erp/.superpowers/brainstorm/83105-1780582808/content/approaches.html"}
{"type":"screen-updated","file":"/Users/zj81920/应用开发/zj-huadong-erp/.superpowers/brainstorm/83105-1780582808/content/approaches.html"}
{"type":"screen-updated","file":"/Users/zj81920/应用开发/zj-huadong-erp/.superpowers/brainstorm/83105-1780582808/content/approaches.html"}
{"type":"screen-updated","file":"/Users/zj81920/应用开发/zj-huadong-erp/.superpowers/brainstorm/83105-1780582808/content/approaches.html"}
{"type":"screen-updated","file":"/Users/zj81920/应用开发/zj-huadong-erp/.superpowers/brainstorm/83105-1780582808/content/approaches.html"}
{"type":"screen-updated","file":"/Users/zj81920/应用开发/zj-huadong-erp/.superpowers/brainstorm/83105-1780582808/content/approaches.html"}
{"type":"screen-updated","file":"/Users/zj81920/应用开发/zj-huadong-erp/.superpowers/brainstorm/83105-1780582808/content/approaches.html"}
{"type":"screen-updated","file":"/Users/zj81920/应用开发/zj-huadong-erp/.superpowers/brainstorm/83105-1780582808/content/approaches.html"}
{"type":"screen-updated","file":"/Users/zj81920/应用开发/zj-huadong-erp/.superpowers/brainstorm/83105-1780582808/content/approaches.html"}
{"type":"screen-updated","file":"/Users/zj81920/应用开发/zj-huadong-erp/.superpowers/brainstorm/83105-1780582808/content/approaches.html"}
{"type":"screen-updated","file":"/Users/zj81920/应用开发/zj-huadong-erp/.superpowers/brainstorm/83105-1780582808/content/approaches.html"}
{"type":"screen-updated","file":"/Users/zj81920/应用开发/zj-huadong-erp/.superpowers/brainstorm/83105-1780582808/content/approaches.html"}
{"type":"screen-updated","file":"/Users/zj81920/应用开发/zj-huadong-erp/.superpowers/brainstorm/83105-1780582808/content/approaches.html"}
{"type":"screen-added","file":"/Users/zj81920/应用开发/zj-huadong-erp/.superpowers/brainstorm/83105-1780582808/content/design-v1.html"}
{"type":"screen-updated","file":"/Users/zj81920/应用开发/zj-huadong-erp/.superpowers/brainstorm/83105-1780582808/content/design-v1.html"}
{"type":"screen-updated","file":"/Users/zj81920/应用开发/zj-huadong-erp/.superpowers/brainstorm/83105-1780582808/content/design-v1.html"}
{"type":"screen-updated","file":"/Users/zj81920/应用开发/zj-huadong-erp/.superpowers/brainstorm/83105-1780582808/content/design-v1.html"}
{"type":"screen-updated","file":"/Users/zj81920/应用开发/zj-huadong-erp/.superpowers/brainstorm/83105-1780582808/content/design-v1.html"}
{"type":"screen-updated","file":"/Users/zj81920/应用开发/zj-huadong-erp/.superpowers/brainstorm/83105-1780582808/content/design-v1.html"}
{"type":"screen-updated","file":"/Users/zj81920/应用开发/zj-huadong-erp/.superpowers/brainstorm/83105-1780582808/content/design-v1.html"}
{"type":"screen-updated","file":"/Users/zj81920/应用开发/zj-huadong-erp/.superpowers/brainstorm/83105-1780582808/content/design-v1.html"}
{"type":"screen-updated","file":"/Users/zj81920/应用开发/zj-huadong-erp/.superpowers/brainstorm/83105-1780582808/content/design-v1.html"}
{"type":"screen-updated","file":"/Users/zj81920/应用开发/zj-huadong-erp/.superpowers/brainstorm/83105-1780582808/content/design-v1.html"}
{"type":"screen-updated","file":"/Users/zj81920/应用开发/zj-huadong-erp/.superpowers/brainstorm/83105-1780582808/content/design-v1.html"}
{"type":"screen-updated","file":"/Users/zj81920/应用开发/zj-huadong-erp/.superpowers/brainstorm/83105-1780582808/content/design-v1.html"}
{"type":"screen-updated","file":"/Users/zj81920/应用开发/zj-huadong-erp/.superpowers/brainstorm/83105-1780582808/content/design-v1.html"}
{"type":"screen-updated","file":"/Users/zj81920/应用开发/zj-huadong-erp/.superpowers/brainstorm/83105-1780582808/content/design-v1.html"}
{"type":"screen-updated","file":"/Users/zj81920/应用开发/zj-huadong-erp/.superpowers/brainstorm/83105-1780582808/content/design-v1.html"}
{"type":"screen-updated","file":"/Users/zj81920/应用开发/zj-huadong-erp/.superpowers/brainstorm/83105-1780582808/content/design-v1.html"}
{"type":"screen-updated","file":"/Users/zj81920/应用开发/zj-huadong-erp/.superpowers/brainstorm/83105-1780582808/content/design-v1.html"}
{"type":"screen-updated","file":"/Users/zj81920/应用开发/zj-huadong-erp/.superpowers/brainstorm/83105-1780582808/content/design-v1.html"}
{"type":"screen-updated","file":"/Users/zj81920/应用开发/zj-huadong-erp/.superpowers/brainstorm/83105-1780582808/content/design-v1.html"}
{"type":"screen-updated","file":"/Users/zj81920/应用开发/zj-huadong-erp/.superpowers/brainstorm/83105-1780582808/content/design-v1.html"}
{"type":"screen-updated","file":"/Users/zj81920/应用开发/zj-huadong-erp/.superpowers/brainstorm/83105-1780582808/content/design-v1.html"}
{"type":"screen-updated","file":"/Users/zj81920/应用开发/zj-huadong-erp/.superpowers/brainstorm/83105-1780582808/content/design-v1.html"}
{"type":"screen-updated","file":"/Users/zj81920/应用开发/zj-huadong-erp/.superpowers/brainstorm/83105-1780582808/content/design-v1.html"}
{"type":"screen-updated","file":"/Users/zj81920/应用开发/zj-huadong-erp/.superpowers/brainstorm/83105-1780582808/content/design-v1.html"}
{"type":"screen-updated","file":"/Users/zj81920/应用开发/zj-huadong-erp/.superpowers/brainstorm/83105-1780582808/content/design-v1.html"}
{"type":"screen-updated","file":"/Users/zj81920/应用开发/zj-huadong-erp/.superpowers/brainstorm/83105-1780582808/content/design-v1.html"}
{"type":"screen-updated","file":"/Users/zj81920/应用开发/zj-huadong-erp/.superpowers/brainstorm/83105-1780582808/content/design-v1.html"}
{"type":"screen-updated","file":"/Users/zj81920/应用开发/zj-huadong-erp/.superpowers/brainstorm/83105-1780582808/content/design-v1.html"}
{"type":"screen-updated","file":"/Users/zj81920/应用开发/zj-huadong-erp/.superpowers/brainstorm/83105-1780582808/content/design-v1.html"}
{"type":"screen-updated","file":"/Users/zj81920/应用开发/zj-huadong-erp/.superpowers/brainstorm/83105-1780582808/content/design-v1.html"}
{"type":"screen-updated","file":"/Users/zj81920/应用开发/zj-huadong-erp/.superpowers/brainstorm/83105-1780582808/content/design-v1.html"}
{"type":"screen-updated","file":"/Users/zj81920/应用开发/zj-huadong-erp/.superpowers/brainstorm/83105-1780582808/content/design-v1.html"}
{"type":"screen-updated","file":"/Users/zj81920/应用开发/zj-huadong-erp/.superpowers/brainstorm/83105-1780582808/content/design-v1.html"}
{"type":"screen-updated","file":"/Users/zj81920/应用开发/zj-huadong-erp/.superpowers/brainstorm/83105-1780582808/content/design-v1.html"}
{"type":"screen-updated","file":"/Users/zj81920/应用开发/zj-huadong-erp/.superpowers/brainstorm/83105-1780582808/content/design-v1.html"}
{"type":"screen-updated","file":"/Users/zj81920/应用开发/zj-huadong-erp/.superpowers/brainstorm/83105-1780582808/content/design-v1.html"}
{"type":"screen-updated","file":"/Users/zj81920/应用开发/zj-huadong-erp/.superpowers/brainstorm/83105-1780582808/content/design-v1.html"}
{"type":"screen-updated","file":"/Users/zj81920/应用开发/zj-huadong-erp/.superpowers/brainstorm/83105-1780582808/content/design-v1.html"}
{"type":"screen-updated","file":"/Users/zj81920/应用开发/zj-huadong-erp/.superpowers/brainstorm/83105-1780582808/content/design-v1.html"}
{"type":"screen-updated","file":"/Users/zj81920/应用开发/zj-huadong-erp/.superpowers/brainstorm/83105-1780582808/content/design-v1.html"}
{"type":"screen-updated","file":"/Users/zj81920/应用开发/zj-huadong-erp/.superpowers/brainstorm/83105-1780582808/content/design-v1.html"}
{"type":"screen-updated","file":"/Users/zj81920/应用开发/zj-huadong-erp/.superpowers/brainstorm/83105-1780582808/content/design-v1.html"}
{"type":"screen-updated","file":"/Users/zj81920/应用开发/zj-huadong-erp/.superpowers/brainstorm/83105-1780582808/content/design-v1.html"}
{"type":"screen-updated","file":"/Users/zj81920/应用开发/zj-huadong-erp/.superpowers/brainstorm/83105-1780582808/content/design-v1.html"}
{"type":"screen-updated","file":"/Users/zj81920/应用开发/zj-huadong-erp/.superpowers/brainstorm/83105-1780582808/content/design-v1.html"}
{"type":"screen-updated","file":"/Users/zj81920/应用开发/zj-huadong-erp/.superpowers/brainstorm/83105-1780582808/content/design-v1.html"}
{"type":"screen-updated","file":"/Users/zj81920/应用开发/zj-huadong-erp/.superpowers/brainstorm/83105-1780582808/content/design-v1.html"}
{"type":"screen-updated","file":"/Users/zj81920/应用开发/zj-huadong-erp/.superpowers/brainstorm/83105-1780582808/content/design-v1.html"}
{"type":"screen-updated","file":"/Users/zj81920/应用开发/zj-huadong-erp/.superpowers/brainstorm/83105-1780582808/content/design-v1.html"}
{"type":"screen-updated","file":"/Users/zj81920/应用开发/zj-huadong-erp/.superpowers/brainstorm/83105-1780582808/content/design-v1.html"}
{"type":"screen-updated","file":"/Users/zj81920/应用开发/zj-huadong-erp/.superpowers/brainstorm/83105-1780582808/content/design-v1.html"}
{"type":"screen-updated","file":"/Users/zj81920/应用开发/zj-huadong-erp/.superpowers/brainstorm/83105-1780582808/content/design-v1.html"}
{"type":"screen-updated","file":"/Users/zj81920/应用开发/zj-huadong-erp/.superpowers/brainstorm/83105-1780582808/content/design-v1.html"}
{"type":"screen-updated","file":"/Users/zj81920/应用开发/zj-huadong-erp/.superpowers/brainstorm/83105-1780582808/content/design-v1.html"}
{"type":"screen-updated","file":"/Users/zj81920/应用开发/zj-huadong-erp/.superpowers/brainstorm/83105-1780582808/content/design-v1.html"}
{"type":"screen-updated","file":"/Users/zj81920/应用开发/zj-huadong-erp/.superpowers/brainstorm/83105-1780582808/content/design-v1.html"}
{"type":"screen-updated","file":"/Users/zj81920/应用开发/zj-huadong-erp/.superpowers/brainstorm/83105-1780582808/content/design-v1.html"}
{"type":"screen-updated","file":"/Users/zj81920/应用开发/zj-huadong-erp/.superpowers/brainstorm/83105-1780582808/content/design-v1.html"}
{"type":"screen-updated","file":"/Users/zj81920/应用开发/zj-huadong-erp/.superpowers/brainstorm/83105-1780582808/content/design-v1.html"}
{"type":"screen-updated","file":"/Users/zj81920/应用开发/zj-huadong-erp/.superpowers/brainstorm/83105-1780582808/content/design-v1.html"}
{"type":"screen-updated","file":"/Users/zj81920/应用开发/zj-huadong-erp/.superpowers/brainstorm/83105-1780582808/content/design-v1.html"}
{"type":"screen-updated","file":"/Users/zj81920/应用开发/zj-huadong-erp/.superpowers/brainstorm/83105-1780582808/content/design-v1.html"}
{"type":"screen-updated","file":"/Users/zj81920/应用开发/zj-huadong-erp/.superpowers/brainstorm/83105-1780582808/content/design-v1.html"}
{"type":"screen-updated","file":"/Users/zj81920/应用开发/zj-huadong-erp/.superpowers/brainstorm/83105-1780582808/content/design-v1.html"}
{"type":"screen-updated","file":"/Users/zj81920/应用开发/zj-huadong-erp/.superpowers/brainstorm/83105-1780582808/content/design-v1.html"}
{"type":"screen-updated","file":"/Users/zj81920/应用开发/zj-huadong-erp/.superpowers/brainstorm/83105-1780582808/content/design-v1.html"}
{"type":"screen-updated","file":"/Users/zj81920/应用开发/zj-huadong-erp/.superpowers/brainstorm/83105-1780582808/content/design-v1.html"}
{"type":"screen-updated","file":"/Users/zj81920/应用开发/zj-huadong-erp/.superpowers/brainstorm/83105-1780582808/content/design-v1.html"}
{"type":"screen-updated","file":"/Users/zj81920/应用开发/zj-huadong-erp/.superpowers/brainstorm/83105-1780582808/content/design-v1.html"}
{"type":"screen-updated","file":"/Users/zj81920/应用开发/zj-huadong-erp/.superpowers/brainstorm/83105-1780582808/content/design-v1.html"}
{"type":"screen-updated","file":"/Users/zj81920/应用开发/zj-huadong-erp/.superpowers/brainstorm/83105-1780582808/content/design-v1.html"}
{"type":"screen-updated","file":"/Users/zj81920/应用开发/zj-huadong-erp/.superpowers/brainstorm/83105-1780582808/content/design-v1.html"}
{"type":"screen-updated","file":"/Users/zj81920/应用开发/zj-huadong-erp/.superpowers/brainstorm/83105-1780582808/content/design-v1.html"}
{"type":"screen-updated","file":"/Users/zj81920/应用开发/zj-huadong-erp/.superpowers/brainstorm/83105-1780582808/content/design-v1.html"}
{"type":"screen-updated","file":"/Users/zj81920/应用开发/zj-huadong-erp/.superpowers/brainstorm/83105-1780582808/content/design-v1.html"}
{"type":"screen-updated","file":"/Users/zj81920/应用开发/zj-huadong-erp/.superpowers/brainstorm/83105-1780582808/content/design-v1.html"}
{"type":"screen-updated","file":"/Users/zj81920/应用开发/zj-huadong-erp/.superpowers/brainstorm/83105-1780582808/content/design-v1.html"}
{"type":"screen-updated","file":"/Users/zj81920/应用开发/zj-huadong-erp/.superpowers/brainstorm/83105-1780582808/content/design-v1.html"}
{"type":"screen-updated","file":"/Users/zj81920/应用开发/zj-huadong-erp/.superpowers/brainstorm/83105-1780582808/content/design-v1.html"}
{"type":"screen-updated","file":"/Users/zj81920/应用开发/zj-huadong-erp/.superpowers/brainstorm/83105-1780582808/content/design-v1.html"}
{"type":"screen-updated","file":"/Users/zj81920/应用开发/zj-huadong-erp/.superpowers/brainstorm/83105-1780582808/content/design-v1.html"}
{"type":"screen-updated","file":"/Users/zj81920/应用开发/zj-huadong-erp/.superpowers/brainstorm/83105-1780582808/content/design-v1.html"}
{"type":"screen-updated","file":"/Users/zj81920/应用开发/zj-huadong-erp/.superpowers/brainstorm/83105-1780582808/content/design-v1.html"}
{"type":"screen-updated","file":"/Users/zj81920/应用开发/zj-huadong-erp/.superpowers/brainstorm/83105-1780582808/content/design-v1.html"}
{"type":"screen-updated","file":"/Users/zj81920/应用开发/zj-huadong-erp/.superpowers/brainstorm/83105-1780582808/content/design-v1.html"}
{"type":"screen-added","file":"/Users/zj81920/应用开发/zj-huadong-erp/.superpowers/brainstorm/83105-1780582808/content/design-v2.html"}
{"type":"screen-updated","file":"/Users/zj81920/应用开发/zj-huadong-erp/.superpowers/brainstorm/83105-1780582808/content/design-v2.html"}
{"type":"screen-updated","file":"/Users/zj81920/应用开发/zj-huadong-erp/.superpowers/brainstorm/83105-1780582808/content/design-v2.html"}
{"type":"screen-updated","file":"/Users/zj81920/应用开发/zj-huadong-erp/.superpowers/brainstorm/83105-1780582808/content/design-v2.html"}
{"type":"screen-updated","file":"/Users/zj81920/应用开发/zj-huadong-erp/.superpowers/brainstorm/83105-1780582808/content/design-v2.html"}
{"type":"screen-updated","file":"/Users/zj81920/应用开发/zj-huadong-erp/.superpowers/brainstorm/83105-1780582808/content/design-v2.html"}
{"type":"screen-updated","file":"/Users/zj81920/应用开发/zj-huadong-erp/.superpowers/brainstorm/83105-1780582808/content/design-v2.html"}
{"type":"screen-updated","file":"/Users/zj81920/应用开发/zj-huadong-erp/.superpowers/brainstorm/83105-1780582808/content/design-v2.html"}
{"type":"screen-updated","file":"/Users/zj81920/应用开发/zj-huadong-erp/.superpowers/brainstorm/83105-1780582808/content/design-v2.html"}
{"type":"screen-updated","file":"/Users/zj81920/应用开发/zj-huadong-erp/.superpowers/brainstorm/83105-1780582808/content/design-v2.html"}
{"type":"screen-updated","file":"/Users/zj81920/应用开发/zj-huadong-erp/.superpowers/brainstorm/83105-1780582808/content/design-v2.html"}
{"type":"screen-updated","file":"/Users/zj81920/应用开发/zj-huadong-erp/.superpowers/brainstorm/83105-1780582808/content/design-v2.html"}
{"type":"screen-updated","file":"/Users/zj81920/应用开发/zj-huadong-erp/.superpowers/brainstorm/83105-1780582808/content/design-v2.html"}
{"type":"screen-updated","file":"/Users/zj81920/应用开发/zj-huadong-erp/.superpowers/brainstorm/83105-1780582808/content/design-v2.html"}
{"type":"screen-updated","file":"/Users/zj81920/应用开发/zj-huadong-erp/.superpowers/brainstorm/83105-1780582808/content/design-v2.html"}
{"type":"screen-updated","file":"/Users/zj81920/应用开发/zj-huadong-erp/.superpowers/brainstorm/83105-1780582808/content/design-v2.html"}
{"type":"screen-updated","file":"/Users/zj81920/应用开发/zj-huadong-erp/.superpowers/brainstorm/83105-1780582808/content/design-v2.html"}
{"type":"screen-updated","file":"/Users/zj81920/应用开发/zj-huadong-erp/.superpowers/brainstorm/83105-1780582808/content/design-v2.html"}
{"type":"screen-updated","file":"/Users/zj81920/应用开发/zj-huadong-erp/.superpowers/brainstorm/83105-1780582808/content/design-v2.html"}
{"type":"screen-updated","file":"/Users/zj81920/应用开发/zj-huadong-erp/.superpowers/brainstorm/83105-1780582808/content/design-v2.html"}
{"type":"screen-updated","file":"/Users/zj81920/应用开发/zj-huadong-erp/.superpowers/brainstorm/83105-1780582808/content/design-v2.html"}
{"type":"screen-updated","file":"/Users/zj81920/应用开发/zj-huadong-erp/.superpowers/brainstorm/83105-1780582808/content/design-v2.html"}
{"type":"screen-updated","file":"/Users/zj81920/应用开发/zj-huadong-erp/.superpowers/brainstorm/83105-1780582808/content/design-v2.html"}
{"type":"screen-updated","file":"/Users/zj81920/应用开发/zj-huadong-erp/.superpowers/brainstorm/83105-1780582808/content/design-v2.html"}
{"type":"screen-updated","file":"/Users/zj81920/应用开发/zj-huadong-erp/.superpowers/brainstorm/83105-1780582808/content/design-v2.html"}
{"type":"screen-updated","file":"/Users/zj81920/应用开发/zj-huadong-erp/.superpowers/brainstorm/83105-1780582808/content/design-v2.html"}
{"type":"screen-updated","file":"/Users/zj81920/应用开发/zj-huadong-erp/.superpowers/brainstorm/83105-1780582808/content/design-v2.html"}
{"type":"screen-updated","file":"/Users/zj81920/应用开发/zj-huadong-erp/.superpowers/brainstorm/83105-1780582808/content/design-v2.html"}
{"type":"screen-updated","file":"/Users/zj81920/应用开发/zj-huadong-erp/.superpowers/brainstorm/83105-1780582808/content/design-v2.html"}
{"type":"screen-updated","file":"/Users/zj81920/应用开发/zj-huadong-erp/.superpowers/brainstorm/83105-1780582808/content/design-v2.html"}
{"type":"screen-updated","file":"/Users/zj81920/应用开发/zj-huadong-erp/.superpowers/brainstorm/83105-1780582808/content/design-v2.html"}
{"type":"screen-updated","file":"/Users/zj81920/应用开发/zj-huadong-erp/.superpowers/brainstorm/83105-1780582808/content/design-v2.html"}
{"type":"screen-updated","file":"/Users/zj81920/应用开发/zj-huadong-erp/.superpowers/brainstorm/83105-1780582808/content/design-v2.html"}
{"type":"screen-updated","file":"/Users/zj81920/应用开发/zj-huadong-erp/.superpowers/brainstorm/83105-1780582808/content/design-v2.html"}
{"type":"screen-updated","file":"/Users/zj81920/应用开发/zj-huadong-erp/.superpowers/brainstorm/83105-1780582808/content/design-v2.html"}
{"type":"screen-updated","file":"/Users/zj81920/应用开发/zj-huadong-erp/.superpowers/brainstorm/83105-1780582808/content/design-v2.html"}
{"type":"screen-updated","file":"/Users/zj81920/应用开发/zj-huadong-erp/.superpowers/brainstorm/83105-1780582808/content/design-v2.html"}
{"type":"screen-updated","file":"/Users/zj81920/应用开发/zj-huadong-erp/.superpowers/brainstorm/83105-1780582808/content/design-v2.html"}
{"type":"screen-updated","file":"/Users/zj81920/应用开发/zj-huadong-erp/.superpowers/brainstorm/83105-1780582808/content/design-v2.html"}
{"type":"screen-updated","file":"/Users/zj81920/应用开发/zj-huadong-erp/.superpowers/brainstorm/83105-1780582808/content/design-v2.html"}
{"type":"screen-updated","file":"/Users/zj81920/应用开发/zj-huadong-erp/.superpowers/brainstorm/83105-1780582808/content/design-v2.html"}
{"type":"screen-updated","file":"/Users/zj81920/应用开发/zj-huadong-erp/.superpowers/brainstorm/83105-1780582808/content/design-v2.html"}
{"type":"screen-updated","file":"/Users/zj81920/应用开发/zj-huadong-erp/.superpowers/brainstorm/83105-1780582808/content/design-v2.html"}
{"type":"screen-updated","file":"/Users/zj81920/应用开发/zj-huadong-erp/.superpowers/brainstorm/83105-1780582808/content/design-v2.html"}
{"type":"screen-updated","file":"/Users/zj81920/应用开发/zj-huadong-erp/.superpowers/brainstorm/83105-1780582808/content/design-v2.html"}
{"type":"screen-updated","file":"/Users/zj81920/应用开发/zj-huadong-erp/.superpowers/brainstorm/83105-1780582808/content/design-v2.html"}
{"type":"screen-updated","file":"/Users/zj81920/应用开发/zj-huadong-erp/.superpowers/brainstorm/83105-1780582808/content/design-v2.html"}
{"type":"screen-updated","file":"/Users/zj81920/应用开发/zj-huadong-erp/.superpowers/brainstorm/83105-1780582808/content/design-v2.html"}
{"type":"screen-updated","file":"/Users/zj81920/应用开发/zj-huadong-erp/.superpowers/brainstorm/83105-1780582808/content/design-v2.html"}
{"type":"screen-updated","file":"/Users/zj81920/应用开发/zj-huadong-erp/.superpowers/brainstorm/83105-1780582808/content/design-v2.html"}
{"type":"screen-updated","file":"/Users/zj81920/应用开发/zj-huadong-erp/.superpowers/brainstorm/83105-1780582808/content/design-v2.html"}
{"type":"screen-updated","file":"/Users/zj81920/应用开发/zj-huadong-erp/.superpowers/brainstorm/83105-1780582808/content/design-v2.html"}
{"type":"screen-updated","file":"/Users/zj81920/应用开发/zj-huadong-erp/.superpowers/brainstorm/83105-1780582808/content/design-v2.html"}
{"type":"screen-updated","file":"/Users/zj81920/应用开发/zj-huadong-erp/.superpowers/brainstorm/83105-1780582808/content/design-v2.html"}
{"type":"screen-updated","file":"/Users/zj81920/应用开发/zj-huadong-erp/.superpowers/brainstorm/83105-1780582808/content/design-v2.html"}
{"type":"screen-updated","file":"/Users/zj81920/应用开发/zj-huadong-erp/.superpowers/brainstorm/83105-1780582808/content/design-v2.html"}
{"type":"screen-updated","file":"/Users/zj81920/应用开发/zj-huadong-erp/.superpowers/brainstorm/83105-1780582808/content/design-v2.html"}
{"type":"screen-updated","file":"/Users/zj81920/应用开发/zj-huadong-erp/.superpowers/brainstorm/83105-1780582808/content/design-v2.html"}
{"type":"screen-updated","file":"/Users/zj81920/应用开发/zj-huadong-erp/.superpowers/brainstorm/83105-1780582808/content/design-v2.html"}
{"type":"screen-updated","file":"/Users/zj81920/应用开发/zj-huadong-erp/.superpowers/brainstorm/83105-1780582808/content/design-v2.html"}
{"type":"screen-updated","file":"/Users/zj81920/应用开发/zj-huadong-erp/.superpowers/brainstorm/83105-1780582808/content/design-v2.html"}
{"type":"screen-updated","file":"/Users/zj81920/应用开发/zj-huadong-erp/.superpowers/brainstorm/83105-1780582808/content/design-v2.html"}
{"type":"screen-updated","file":"/Users/zj81920/应用开发/zj-huadong-erp/.superpowers/brainstorm/83105-1780582808/content/design-v2.html"}
{"type":"screen-updated","file":"/Users/zj81920/应用开发/zj-huadong-erp/.superpowers/brainstorm/83105-1780582808/content/design-v2.html"}
{"type":"screen-updated","file":"/Users/zj81920/应用开发/zj-huadong-erp/.superpowers/brainstorm/83105-1780582808/content/design-v2.html"}
{"type":"screen-updated","file":"/Users/zj81920/应用开发/zj-huadong-erp/.superpowers/brainstorm/83105-1780582808/content/design-v2.html"}
{"type":"screen-updated","file":"/Users/zj81920/应用开发/zj-huadong-erp/.superpowers/brainstorm/83105-1780582808/content/design-v2.html"}
{"type":"screen-updated","file":"/Users/zj81920/应用开发/zj-huadong-erp/.superpowers/brainstorm/83105-1780582808/content/design-v2.html"}
{"type":"screen-updated","file":"/Users/zj81920/应用开发/zj-huadong-erp/.superpowers/brainstorm/83105-1780582808/content/design-v2.html"}
{"type":"screen-updated","file":"/Users/zj81920/应用开发/zj-huadong-erp/.superpowers/brainstorm/83105-1780582808/content/design-v2.html"}
{"type":"screen-updated","file":"/Users/zj81920/应用开发/zj-huadong-erp/.superpowers/brainstorm/83105-1780582808/content/design-v2.html"}
{"type":"screen-updated","file":"/Users/zj81920/应用开发/zj-huadong-erp/.superpowers/brainstorm/83105-1780582808/content/design-v2.html"}
{"type":"screen-updated","file":"/Users/zj81920/应用开发/zj-huadong-erp/.superpowers/brainstorm/83105-1780582808/content/design-v2.html"}
{"type":"screen-updated","file":"/Users/zj81920/应用开发/zj-huadong-erp/.superpowers/brainstorm/83105-1780582808/content/design-v2.html"}
{"type":"screen-updated","file":"/Users/zj81920/应用开发/zj-huadong-erp/.superpowers/brainstorm/83105-1780582808/content/design-v2.html"}
{"type":"screen-updated","file":"/Users/zj81920/应用开发/zj-huadong-erp/.superpowers/brainstorm/83105-1780582808/content/design-v2.html"}
{"type":"screen-updated","file":"/Users/zj81920/应用开发/zj-huadong-erp/.superpowers/brainstorm/83105-1780582808/content/design-v2.html"}
{"type":"screen-updated","file":"/Users/zj81920/应用开发/zj-huadong-erp/.superpowers/brainstorm/83105-1780582808/content/design-v2.html"}
{"type":"screen-updated","file":"/Users/zj81920/应用开发/zj-huadong-erp/.superpowers/brainstorm/83105-1780582808/content/design-v2.html"}
{"type":"screen-updated","file":"/Users/zj81920/应用开发/zj-huadong-erp/.superpowers/brainstorm/83105-1780582808/content/design-v2.html"}
{"type":"screen-updated","file":"/Users/zj81920/应用开发/zj-huadong-erp/.superpowers/brainstorm/83105-1780582808/content/design-v2.html"}
{"type":"screen-added","file":"/Users/zj81920/应用开发/zj-huadong-erp/.superpowers/brainstorm/83105-1780582808/content/design-v3.html"}
{"type":"screen-updated","file":"/Users/zj81920/应用开发/zj-huadong-erp/.superpowers/brainstorm/83105-1780582808/content/design-v3.html"}
{"type":"screen-updated","file":"/Users/zj81920/应用开发/zj-huadong-erp/.superpowers/brainstorm/83105-1780582808/content/design-v3.html"}
{"type":"screen-updated","file":"/Users/zj81920/应用开发/zj-huadong-erp/.superpowers/brainstorm/83105-1780582808/content/design-v3.html"}
{"type":"screen-updated","file":"/Users/zj81920/应用开发/zj-huadong-erp/.superpowers/brainstorm/83105-1780582808/content/design-v3.html"}
{"type":"screen-updated","file":"/Users/zj81920/应用开发/zj-huadong-erp/.superpowers/brainstorm/83105-1780582808/content/design-v3.html"}
{"type":"screen-updated","file":"/Users/zj81920/应用开发/zj-huadong-erp/.superpowers/brainstorm/83105-1780582808/content/design-v3.html"}
{"type":"screen-updated","file":"/Users/zj81920/应用开发/zj-huadong-erp/.superpowers/brainstorm/83105-1780582808/content/design-v3.html"}
{"type":"screen-updated","file":"/Users/zj81920/应用开发/zj-huadong-erp/.superpowers/brainstorm/83105-1780582808/content/design-v3.html"}
{"type":"screen-updated","file":"/Users/zj81920/应用开发/zj-huadong-erp/.superpowers/brainstorm/83105-1780582808/content/design-v3.html"}
{"type":"screen-updated","file":"/Users/zj81920/应用开发/zj-huadong-erp/.superpowers/brainstorm/83105-1780582808/content/design-v3.html"}
{"type":"screen-updated","file":"/Users/zj81920/应用开发/zj-huadong-erp/.superpowers/brainstorm/83105-1780582808/content/design-v3.html"}
{"type":"screen-updated","file":"/Users/zj81920/应用开发/zj-huadong-erp/.superpowers/brainstorm/83105-1780582808/content/design-v3.html"}
{"type":"screen-updated","file":"/Users/zj81920/应用开发/zj-huadong-erp/.superpowers/brainstorm/83105-1780582808/content/design-v3.html"}
{"type":"screen-updated","file":"/Users/zj81920/应用开发/zj-huadong-erp/.superpowers/brainstorm/83105-1780582808/content/design-v3.html"}
{"type":"screen-updated","file":"/Users/zj81920/应用开发/zj-huadong-erp/.superpowers/brainstorm/83105-1780582808/content/design-v3.html"}
{"type":"screen-updated","file":"/Users/zj81920/应用开发/zj-huadong-erp/.superpowers/brainstorm/83105-1780582808/content/design-v3.html"}
{"type":"screen-updated","file":"/Users/zj81920/应用开发/zj-huadong-erp/.superpowers/brainstorm/83105-1780582808/content/design-v3.html"}
{"type":"screen-updated","file":"/Users/zj81920/应用开发/zj-huadong-erp/.superpowers/brainstorm/83105-1780582808/content/design-v3.html"}
{"type":"screen-updated","file":"/Users/zj81920/应用开发/zj-huadong-erp/.superpowers/brainstorm/83105-1780582808/content/design-v3.html"}
{"type":"screen-updated","file":"/Users/zj81920/应用开发/zj-huadong-erp/.superpowers/brainstorm/83105-1780582808/content/design-v3.html"}
{"type":"screen-updated","file":"/Users/zj81920/应用开发/zj-huadong-erp/.superpowers/brainstorm/83105-1780582808/content/design-v3.html"}
{"type":"screen-updated","file":"/Users/zj81920/应用开发/zj-huadong-erp/.superpowers/brainstorm/83105-1780582808/content/design-v3.html"}
{"type":"screen-updated","file":"/Users/zj81920/应用开发/zj-huadong-erp/.superpowers/brainstorm/83105-1780582808/content/design-v3.html"}
{"type":"screen-updated","file":"/Users/zj81920/应用开发/zj-huadong-erp/.superpowers/brainstorm/83105-1780582808/content/design-v3.html"}
{"type":"screen-updated","file":"/Users/zj81920/应用开发/zj-huadong-erp/.superpowers/brainstorm/83105-1780582808/content/design-v3.html"}
{"type":"screen-updated","file":"/Users/zj81920/应用开发/zj-huadong-erp/.superpowers/brainstorm/83105-1780582808/content/design-v3.html"}
{"type":"screen-updated","file":"/Users/zj81920/应用开发/zj-huadong-erp/.superpowers/brainstorm/83105-1780582808/content/design-v3.html"}
{"type":"screen-updated","file":"/Users/zj81920/应用开发/zj-huadong-erp/.superpowers/brainstorm/83105-1780582808/content/design-v3.html"}
{"type":"screen-updated","file":"/Users/zj81920/应用开发/zj-huadong-erp/.superpowers/brainstorm/83105-1780582808/content/design-v3.html"}
{"type":"screen-updated","file":"/Users/zj81920/应用开发/zj-huadong-erp/.superpowers/brainstorm/83105-1780582808/content/design-v3.html"}
{"type":"screen-updated","file":"/Users/zj81920/应用开发/zj-huadong-erp/.superpowers/brainstorm/83105-1780582808/content/design-v3.html"}
{"type":"screen-updated","file":"/Users/zj81920/应用开发/zj-huadong-erp/.superpowers/brainstorm/83105-1780582808/content/design-v3.html"}
{"type":"screen-updated","file":"/Users/zj81920/应用开发/zj-huadong-erp/.superpowers/brainstorm/83105-1780582808/content/design-v3.html"}
{"type":"screen-updated","file":"/Users/zj81920/应用开发/zj-huadong-erp/.superpowers/brainstorm/83105-1780582808/content/design-v3.html"}
{"type":"screen-updated","file":"/Users/zj81920/应用开发/zj-huadong-erp/.superpowers/brainstorm/83105-1780582808/content/design-v3.html"}
{"type":"screen-updated","file":"/Users/zj81920/应用开发/zj-huadong-erp/.superpowers/brainstorm/83105-1780582808/content/design-v3.html"}
{"type":"screen-updated","file":"/Users/zj81920/应用开发/zj-huadong-erp/.superpowers/brainstorm/83105-1780582808/content/design-v3.html"}
{"type":"screen-updated","file":"/Users/zj81920/应用开发/zj-huadong-erp/.superpowers/brainstorm/83105-1780582808/content/design-v3.html"}
{"type":"screen-updated","file":"/Users/zj81920/应用开发/zj-huadong-erp/.superpowers/brainstorm/83105-1780582808/content/design-v3.html"}
{"type":"screen-updated","file":"/Users/zj81920/应用开发/zj-huadong-erp/.superpowers/brainstorm/83105-1780582808/content/design-v3.html"}
{"type":"screen-updated","file":"/Users/zj81920/应用开发/zj-huadong-erp/.superpowers/brainstorm/83105-1780582808/content/design-v3.html"}
{"type":"screen-updated","file":"/Users/zj81920/应用开发/zj-huadong-erp/.superpowers/brainstorm/83105-1780582808/content/design-v3.html"}
{"type":"screen-updated","file":"/Users/zj81920/应用开发/zj-huadong-erp/.superpowers/brainstorm/83105-1780582808/content/design-v3.html"}
{"type":"screen-updated","file":"/Users/zj81920/应用开发/zj-huadong-erp/.superpowers/brainstorm/83105-1780582808/content/design-v3.html"}
{"type":"screen-updated","file":"/Users/zj81920/应用开发/zj-huadong-erp/.superpowers/brainstorm/83105-1780582808/content/design-v3.html"}
{"type":"screen-updated","file":"/Users/zj81920/应用开发/zj-huadong-erp/.superpowers/brainstorm/83105-1780582808/content/design-v3.html"}
{"type":"screen-updated","file":"/Users/zj81920/应用开发/zj-huadong-erp/.superpowers/brainstorm/83105-1780582808/content/design-v3.html"}
{"type":"screen-updated","file":"/Users/zj81920/应用开发/zj-huadong-erp/.superpowers/brainstorm/83105-1780582808/content/design-v3.html"}
{"type":"screen-updated","file":"/Users/zj81920/应用开发/zj-huadong-erp/.superpowers/brainstorm/83105-1780582808/content/design-v3.html"}
{"type":"screen-updated","file":"/Users/zj81920/应用开发/zj-huadong-erp/.superpowers/brainstorm/83105-1780582808/content/design-v3.html"}
{"type":"screen-updated","file":"/Users/zj81920/应用开发/zj-huadong-erp/.superpowers/brainstorm/83105-1780582808/content/design-v3.html"}
{"type":"server-stopped","reason":"idle timeout"}
