{"type":"server-started","port":63544,"host":"127.0.0.1","url_host":"localhost","url":"http://localhost:63544","screen_dir":"/Users/zj81920/应用开发/zj-huadong-erp/.superpowers/brainstorm/51018-1781171038/content","state_dir":"/Users/zj81920/应用开发/zj-huadong-erp/.superpowers/brainstorm/51018-1781171038/state"}
{"type":"screen-added","file":"/Users/zj81920/应用开发/zj-huadong-erp/.superpowers/brainstorm/51018-1781171038/content/outsourcing-wbs-link.html"}
{"type":"screen-updated","file":"/Users/zj81920/应用开发/zj-huadong-erp/.superpowers/brainstorm/51018-1781171038/content/outsourcing-wbs-link.html"}
{"type":"screen-updated","file":"/Users/zj81920/应用开发/zj-huadong-erp/.superpowers/brainstorm/51018-1781171038/content/outsourcing-wbs-link.html"}
{"type":"screen-updated","file":"/Users/zj81920/应用开发/zj-huadong-erp/.superpowers/brainstorm/51018-1781171038/content/outsourcing-wbs-link.html"}
{"type":"screen-updated","file":"/Users/zj81920/应用开发/zj-huadong-erp/.superpowers/brainstorm/51018-1781171038/content/outsourcing-wbs-link.html"}
{"type":"screen-updated","file":"/Users/zj81920/应用开发/zj-huadong-erp/.superpowers/brainstorm/51018-1781171038/content/outsourcing-wbs-link.html"}
{"type":"screen-updated","file":"/Users/zj81920/应用开发/zj-huadong-erp/.superpowers/brainstorm/51018-1781171038/content/outsourcing-wbs-link.html"}
{"type":"screen-updated","file":"/Users/zj81920/应用开发/zj-huadong-erp/.superpowers/brainstorm/51018-1781171038/content/outsourcing-wbs-link.html"}
{"type":"screen-updated","file":"/Users/zj81920/应用开发/zj-huadong-erp/.superpowers/brainstorm/51018-1781171038/content/outsourcing-wbs-link.html"}
{"type":"screen-updated","file":"/Users/zj81920/应用开发/zj-huadong-erp/.superpowers/brainstorm/51018-1781171038/content/outsourcing-wbs-link.html"}
{"type":"screen-updated","file":"/Users/zj81920/应用开发/zj-huadong-erp/.superpowers/brainstorm/51018-1781171038/content/outsourcing-wbs-link.html"}
{"type":"screen-updated","file":"/Users/zj81920/应用开发/zj-huadong-erp/.superpowers/brainstorm/51018-1781171038/content/outsourcing-wbs-link.html"}
{"type":"screen-updated","file":"/Users/zj81920/应用开发/zj-huadong-erp/.superpowers/brainstorm/51018-1781171038/content/outsourcing-wbs-link.html"}
{"type":"screen-updated","file":"/Users/zj81920/应用开发/zj-huadong-erp/.superpowers/brainstorm/51018-1781171038/content/outsourcing-wbs-link.html"}
{"type":"screen-updated","file":"/Users/zj81920/应用开发/zj-huadong-erp/.superpowers/brainstorm/51018-1781171038/content/outsourcing-wbs-link.html"}
{"type":"screen-updated","file":"/Users/zj81920/应用开发/zj-huadong-erp/.superpowers/brainstorm/51018-1781171038/content/outsourcing-wbs-link.html"}
{"type":"screen-updated","file":"/Users/zj81920/应用开发/zj-huadong-erp/.superpowers/brainstorm/51018-1781171038/content/outsourcing-wbs-link.html"}
{"type":"screen-updated","file":"/Users/zj81920/应用开发/zj-huadong-erp/.superpowers/brainstorm/51018-1781171038/content/outsourcing-wbs-link.html"}
{"type":"screen-updated","file":"/Users/zj81920/应用开发/zj-huadong-erp/.superpowers/brainstorm/51018-1781171038/content/outsourcing-wbs-link.html"}
{"type":"screen-updated","file":"/Users/zj81920/应用开发/zj-huadong-erp/.superpowers/brainstorm/51018-1781171038/content/outsourcing-wbs-link.html"}
{"type":"screen-updated","file":"/Users/zj81920/应用开发/zj-huadong-erp/.superpowers/brainstorm/51018-1781171038/content/outsourcing-wbs-link.html"}
{"type":"screen-updated","file":"/Users/zj81920/应用开发/zj-huadong-erp/.superpowers/brainstorm/51018-1781171038/content/outsourcing-wbs-link.html"}
{"type":"screen-updated","file":"/Users/zj81920/应用开发/zj-huadong-erp/.superpowers/brainstorm/51018-1781171038/content/outsourcing-wbs-link.html"}
{"type":"screen-updated","file":"/Users/zj81920/应用开发/zj-huadong-erp/.superpowers/brainstorm/51018-1781171038/content/outsourcing-wbs-link.html"}
{"type":"screen-updated","file":"/Users/zj81920/应用开发/zj-huadong-erp/.superpowers/brainstorm/51018-1781171038/content/outsourcing-wbs-link.html"}
{"type":"screen-updated","file":"/Users/zj81920/应用开发/zj-huadong-erp/.superpowers/brainstorm/51018-1781171038/content/outsourcing-wbs-link.html"}
{"type":"screen-updated","file":"/Users/zj81920/应用开发/zj-huadong-erp/.superpowers/brainstorm/51018-1781171038/content/outsourcing-wbs-link.html"}
{"type":"screen-updated","file":"/Users/zj81920/应用开发/zj-huadong-erp/.superpowers/brainstorm/51018-1781171038/content/outsourcing-wbs-link.html"}
{"type":"screen-updated","file":"/Users/zj81920/应用开发/zj-huadong-erp/.superpowers/brainstorm/51018-1781171038/content/outsourcing-wbs-link.html"}
{"type":"screen-updated","file":"/Users/zj81920/应用开发/zj-huadong-erp/.superpowers/brainstorm/51018-1781171038/content/outsourcing-wbs-link.html"}
{"type":"screen-updated","file":"/Users/zj81920/应用开发/zj-huadong-erp/.superpowers/brainstorm/51018-1781171038/content/outsourcing-wbs-link.html"}
{"type":"screen-updated","file":"/Users/zj81920/应用开发/zj-huadong-erp/.superpowers/brainstorm/51018-1781171038/content/outsourcing-wbs-link.html"}
{"type":"screen-updated","file":"/Users/zj81920/应用开发/zj-huadong-erp/.superpowers/brainstorm/51018-1781171038/content/outsourcing-wbs-link.html"}
{"type":"screen-updated","file":"/Users/zj81920/应用开发/zj-huadong-erp/.superpowers/brainstorm/51018-1781171038/content/outsourcing-wbs-link.html"}
{"type":"screen-updated","file":"/Users/zj81920/应用开发/zj-huadong-erp/.superpowers/brainstorm/51018-1781171038/content/outsourcing-wbs-link.html"}
{"type":"screen-updated","file":"/Users/zj81920/应用开发/zj-huadong-erp/.superpowers/brainstorm/51018-1781171038/content/outsourcing-wbs-link.html"}
{"type":"screen-updated","file":"/Users/zj81920/应用开发/zj-huadong-erp/.superpowers/brainstorm/51018-1781171038/content/outsourcing-wbs-link.html"}
{"type":"screen-updated","file":"/Users/zj81920/应用开发/zj-huadong-erp/.superpowers/brainstorm/51018-1781171038/content/outsourcing-wbs-link.html"}
{"type":"screen-updated","file":"/Users/zj81920/应用开发/zj-huadong-erp/.superpowers/brainstorm/51018-1781171038/content/outsourcing-wbs-link.html"}
{"type":"screen-updated","file":"/Users/zj81920/应用开发/zj-huadong-erp/.superpowers/brainstorm/51018-1781171038/content/outsourcing-wbs-link.html"}
{"type":"screen-updated","file":"/Users/zj81920/应用开发/zj-huadong-erp/.superpowers/brainstorm/51018-1781171038/content/outsourcing-wbs-link.html"}
{"type":"screen-updated","file":"/Users/zj81920/应用开发/zj-huadong-erp/.superpowers/brainstorm/51018-1781171038/content/outsourcing-wbs-link.html"}
{"type":"screen-updated","file":"/Users/zj81920/应用开发/zj-huadong-erp/.superpowers/brainstorm/51018-1781171038/content/outsourcing-wbs-link.html"}
{"type":"screen-updated","file":"/Users/zj81920/应用开发/zj-huadong-erp/.superpowers/brainstorm/51018-1781171038/content/outsourcing-wbs-link.html"}
{"type":"screen-updated","file":"/Users/zj81920/应用开发/zj-huadong-erp/.superpowers/brainstorm/51018-1781171038/content/outsourcing-wbs-link.html"}
{"type":"screen-updated","file":"/Users/zj81920/应用开发/zj-huadong-erp/.superpowers/brainstorm/51018-1781171038/content/outsourcing-wbs-link.html"}
{"type":"screen-updated","file":"/Users/zj81920/应用开发/zj-huadong-erp/.superpowers/brainstorm/51018-1781171038/content/outsourcing-wbs-link.html"}
{"type":"screen-updated","file":"/Users/zj81920/应用开发/zj-huadong-erp/.superpowers/brainstorm/51018-1781171038/content/outsourcing-wbs-link.html"}
{"type":"screen-updated","file":"/Users/zj81920/应用开发/zj-huadong-erp/.superpowers/brainstorm/51018-1781171038/content/outsourcing-wbs-link.html"}
{"type":"screen-updated","file":"/Users/zj81920/应用开发/zj-huadong-erp/.superpowers/brainstorm/51018-1781171038/content/outsourcing-wbs-link.html"}
{"type":"screen-updated","file":"/Users/zj81920/应用开发/zj-huadong-erp/.superpowers/brainstorm/51018-1781171038/content/outsourcing-wbs-link.html"}
{"type":"screen-updated","file":"/Users/zj81920/应用开发/zj-huadong-erp/.superpowers/brainstorm/51018-1781171038/content/outsourcing-wbs-link.html"}
{"type":"screen-updated","file":"/Users/zj81920/应用开发/zj-huadong-erp/.superpowers/brainstorm/51018-1781171038/content/outsourcing-wbs-link.html"}
{"type":"screen-updated","file":"/Users/zj81920/应用开发/zj-huadong-erp/.superpowers/brainstorm/51018-1781171038/content/outsourcing-wbs-link.html"}
{"type":"screen-updated","file":"/Users/zj81920/应用开发/zj-huadong-erp/.superpowers/brainstorm/51018-1781171038/content/outsourcing-wbs-link.html"}
{"type":"screen-updated","file":"/Users/zj81920/应用开发/zj-huadong-erp/.superpowers/brainstorm/51018-1781171038/content/outsourcing-wbs-link.html"}
{"type":"screen-updated","file":"/Users/zj81920/应用开发/zj-huadong-erp/.superpowers/brainstorm/51018-1781171038/content/outsourcing-wbs-link.html"}
{"type":"screen-updated","file":"/Users/zj81920/应用开发/zj-huadong-erp/.superpowers/brainstorm/51018-1781171038/content/outsourcing-wbs-link.html"}
{"type":"screen-updated","file":"/Users/zj81920/应用开发/zj-huadong-erp/.superpowers/brainstorm/51018-1781171038/content/outsourcing-wbs-link.html"}
{"type":"screen-updated","file":"/Users/zj81920/应用开发/zj-huadong-erp/.superpowers/brainstorm/51018-1781171038/content/outsourcing-wbs-link.html"}
{"type":"screen-updated","file":"/Users/zj81920/应用开发/zj-huadong-erp/.superpowers/brainstorm/51018-1781171038/content/outsourcing-wbs-link.html"}
{"type":"screen-updated","file":"/Users/zj81920/应用开发/zj-huadong-erp/.superpowers/brainstorm/51018-1781171038/content/outsourcing-wbs-link.html"}
{"type":"screen-updated","file":"/Users/zj81920/应用开发/zj-huadong-erp/.superpowers/brainstorm/51018-1781171038/content/outsourcing-wbs-link.html"}
{"type":"screen-updated","file":"/Users/zj81920/应用开发/zj-huadong-erp/.superpowers/brainstorm/51018-1781171038/content/outsourcing-wbs-link.html"}
{"type":"screen-updated","file":"/Users/zj81920/应用开发/zj-huadong-erp/.superpowers/brainstorm/51018-1781171038/content/outsourcing-wbs-link.html"}
{"type":"screen-updated","file":"/Users/zj81920/应用开发/zj-huadong-erp/.superpowers/brainstorm/51018-1781171038/content/outsourcing-wbs-link.html"}
{"type":"screen-updated","file":"/Users/zj81920/应用开发/zj-huadong-erp/.superpowers/brainstorm/51018-1781171038/content/outsourcing-wbs-link.html"}
{"type":"screen-updated","file":"/Users/zj81920/应用开发/zj-huadong-erp/.superpowers/brainstorm/51018-1781171038/content/outsourcing-wbs-link.html"}
{"type":"screen-updated","file":"/Users/zj81920/应用开发/zj-huadong-erp/.superpowers/brainstorm/51018-1781171038/content/outsourcing-wbs-link.html"}
{"type":"screen-updated","file":"/Users/zj81920/应用开发/zj-huadong-erp/.superpowers/brainstorm/51018-1781171038/content/outsourcing-wbs-link.html"}
{"type":"screen-updated","file":"/Users/zj81920/应用开发/zj-huadong-erp/.superpowers/brainstorm/51018-1781171038/content/outsourcing-wbs-link.html"}
{"type":"screen-updated","file":"/Users/zj81920/应用开发/zj-huadong-erp/.superpowers/brainstorm/51018-1781171038/content/outsourcing-wbs-link.html"}
{"type":"screen-updated","file":"/Users/zj81920/应用开发/zj-huadong-erp/.superpowers/brainstorm/51018-1781171038/content/outsourcing-wbs-link.html"}
{"type":"screen-updated","file":"/Users/zj81920/应用开发/zj-huadong-erp/.superpowers/brainstorm/51018-1781171038/content/outsourcing-wbs-link.html"}
{"type":"screen-updated","file":"/Users/zj81920/应用开发/zj-huadong-erp/.superpowers/brainstorm/51018-1781171038/content/outsourcing-wbs-link.html"}
{"type":"screen-updated","file":"/Users/zj81920/应用开发/zj-huadong-erp/.superpowers/brainstorm/51018-1781171038/content/outsourcing-wbs-link.html"}
{"type":"screen-updated","file":"/Users/zj81920/应用开发/zj-huadong-erp/.superpowers/brainstorm/51018-1781171038/content/outsourcing-wbs-link.html"}
{"type":"screen-updated","file":"/Users/zj81920/应用开发/zj-huadong-erp/.superpowers/brainstorm/51018-1781171038/content/outsourcing-wbs-link.html"}
{"type":"screen-updated","file":"/Users/zj81920/应用开发/zj-huadong-erp/.superpowers/brainstorm/51018-1781171038/content/outsourcing-wbs-link.html"}
{"type":"screen-updated","file":"/Users/zj81920/应用开发/zj-huadong-erp/.superpowers/brainstorm/51018-1781171038/content/outsourcing-wbs-link.html"}
{"type":"screen-updated","file":"/Users/zj81920/应用开发/zj-huadong-erp/.superpowers/brainstorm/51018-1781171038/content/outsourcing-wbs-link.html"}
{"type":"screen-updated","file":"/Users/zj81920/应用开发/zj-huadong-erp/.superpowers/brainstorm/51018-1781171038/content/outsourcing-wbs-link.html"}
{"type":"screen-updated","file":"/Users/zj81920/应用开发/zj-huadong-erp/.superpowers/brainstorm/51018-1781171038/content/outsourcing-wbs-link.html"}
{"type":"screen-updated","file":"/Users/zj81920/应用开发/zj-huadong-erp/.superpowers/brainstorm/51018-1781171038/content/outsourcing-wbs-link.html"}
{"type":"screen-updated","file":"/Users/zj81920/应用开发/zj-huadong-erp/.superpowers/brainstorm/51018-1781171038/content/outsourcing-wbs-link.html"}
{"type":"screen-updated","file":"/Users/zj81920/应用开发/zj-huadong-erp/.superpowers/brainstorm/51018-1781171038/content/outsourcing-wbs-link.html"}
{"type":"screen-updated","file":"/Users/zj81920/应用开发/zj-huadong-erp/.superpowers/brainstorm/51018-1781171038/content/outsourcing-wbs-link.html"}
{"type":"screen-updated","file":"/Users/zj81920/应用开发/zj-huadong-erp/.superpowers/brainstorm/51018-1781171038/content/outsourcing-wbs-link.html"}
{"type":"screen-updated","file":"/Users/zj81920/应用开发/zj-huadong-erp/.superpowers/brainstorm/51018-1781171038/content/outsourcing-wbs-link.html"}
{"type":"screen-updated","file":"/Users/zj81920/应用开发/zj-huadong-erp/.superpowers/brainstorm/51018-1781171038/content/outsourcing-wbs-link.html"}
{"type":"screen-updated","file":"/Users/zj81920/应用开发/zj-huadong-erp/.superpowers/brainstorm/51018-1781171038/content/outsourcing-wbs-link.html"}
{"type":"screen-updated","file":"/Users/zj81920/应用开发/zj-huadong-erp/.superpowers/brainstorm/51018-1781171038/content/outsourcing-wbs-link.html"}
{"type":"screen-updated","file":"/Users/zj81920/应用开发/zj-huadong-erp/.superpowers/brainstorm/51018-1781171038/content/outsourcing-wbs-link.html"}
{"type":"screen-updated","file":"/Users/zj81920/应用开发/zj-huadong-erp/.superpowers/brainstorm/51018-1781171038/content/outsourcing-wbs-link.html"}
{"type":"screen-updated","file":"/Users/zj81920/应用开发/zj-huadong-erp/.superpowers/brainstorm/51018-1781171038/content/outsourcing-wbs-link.html"}
{"type":"screen-updated","file":"/Users/zj81920/应用开发/zj-huadong-erp/.superpowers/brainstorm/51018-1781171038/content/outsourcing-wbs-link.html"}
{"type":"screen-updated","file":"/Users/zj81920/应用开发/zj-huadong-erp/.superpowers/brainstorm/51018-1781171038/content/outsourcing-wbs-link.html"}
{"type":"screen-updated","file":"/Users/zj81920/应用开发/zj-huadong-erp/.superpowers/brainstorm/51018-1781171038/content/outsourcing-wbs-link.html"}
{"type":"screen-updated","file":"/Users/zj81920/应用开发/zj-huadong-erp/.superpowers/brainstorm/51018-1781171038/content/outsourcing-wbs-link.html"}
{"type":"screen-updated","file":"/Users/zj81920/应用开发/zj-huadong-erp/.superpowers/brainstorm/51018-1781171038/content/outsourcing-wbs-link.html"}
{"type":"screen-updated","file":"/Users/zj81920/应用开发/zj-huadong-erp/.superpowers/brainstorm/51018-1781171038/content/outsourcing-wbs-link.html"}
{"type":"screen-updated","file":"/Users/zj81920/应用开发/zj-huadong-erp/.superpowers/brainstorm/51018-1781171038/content/outsourcing-wbs-link.html"}
{"type":"screen-updated","file":"/Users/zj81920/应用开发/zj-huadong-erp/.superpowers/brainstorm/51018-1781171038/content/outsourcing-wbs-link.html"}
{"type":"screen-updated","file":"/Users/zj81920/应用开发/zj-huadong-erp/.superpowers/brainstorm/51018-1781171038/content/outsourcing-wbs-link.html"}
{"type":"screen-updated","file":"/Users/zj81920/应用开发/zj-huadong-erp/.superpowers/brainstorm/51018-1781171038/content/outsourcing-wbs-link.html"}
{"type":"screen-updated","file":"/Users/zj81920/应用开发/zj-huadong-erp/.superpowers/brainstorm/51018-1781171038/content/outsourcing-wbs-link.html"}
{"type":"screen-updated","file":"/Users/zj81920/应用开发/zj-huadong-erp/.superpowers/brainstorm/51018-1781171038/content/outsourcing-wbs-link.html"}
{"type":"screen-added","file":"/Users/zj81920/应用开发/zj-huadong-erp/.superpowers/brainstorm/51018-1781171038/content/outsourcing-v2-lineitems.html"}
{"type":"screen-added","file":"/Users/zj81920/应用开发/zj-huadong-erp/.superpowers/brainstorm/51018-1781171038/content/outsourcing-lifecycle.html"}
{"type":"screen-added","file":"/Users/zj81920/应用开发/zj-huadong-erp/.superpowers/brainstorm/51018-1781171038/content/outsourcing-lifecycle-v2.html"}
{"type":"screen-added","file":"/Users/zj81920/应用开发/zj-huadong-erp/.superpowers/brainstorm/51018-1781171038/content/waiting.html"}
{"type":"server-stopped","reason":"idle timeout"}
