{"type":"server-started","port":57375,"host":"127.0.0.1","url_host":"localhost","url":"http://localhost:57375","screen_dir":"/Users/zj81920/应用开发/zj-huadong-erp/.superpowers/brainstorm/94078-1780470549/content","state_dir":"/Users/zj81920/应用开发/zj-huadong-erp/.superpowers/brainstorm/94078-1780470549/state"}
{"type":"screen-added","file":"/Users/zj81920/应用开发/zj-huadong-erp/.superpowers/brainstorm/94078-1780470549/content/settings-nav.html"}
{"type":"screen-updated","file":"/Users/zj81920/应用开发/zj-huadong-erp/.superpowers/brainstorm/94078-1780470549/content/settings-nav.html"}
{"type":"screen-updated","file":"/Users/zj81920/应用开发/zj-huadong-erp/.superpowers/brainstorm/94078-1780470549/content/settings-nav.html"}
{"type":"screen-updated","file":"/Users/zj81920/应用开发/zj-huadong-erp/.superpowers/brainstorm/94078-1780470549/content/settings-nav.html"}
{"type":"screen-updated","file":"/Users/zj81920/应用开发/zj-huadong-erp/.superpowers/brainstorm/94078-1780470549/content/settings-nav.html"}
{"type":"screen-updated","file":"/Users/zj81920/应用开发/zj-huadong-erp/.superpowers/brainstorm/94078-1780470549/content/settings-nav.html"}
{"type":"screen-updated","file":"/Users/zj81920/应用开发/zj-huadong-erp/.superpowers/brainstorm/94078-1780470549/content/settings-nav.html"}
{"type":"screen-updated","file":"/Users/zj81920/应用开发/zj-huadong-erp/.superpowers/brainstorm/94078-1780470549/content/settings-nav.html"}
{"type":"screen-updated","file":"/Users/zj81920/应用开发/zj-huadong-erp/.superpowers/brainstorm/94078-1780470549/content/settings-nav.html"}
{"type":"screen-updated","file":"/Users/zj81920/应用开发/zj-huadong-erp/.superpowers/brainstorm/94078-1780470549/content/settings-nav.html"}
{"type":"screen-updated","file":"/Users/zj81920/应用开发/zj-huadong-erp/.superpowers/brainstorm/94078-1780470549/content/settings-nav.html"}
{"type":"screen-updated","file":"/Users/zj81920/应用开发/zj-huadong-erp/.superpowers/brainstorm/94078-1780470549/content/settings-nav.html"}
{"type":"screen-updated","file":"/Users/zj81920/应用开发/zj-huadong-erp/.superpowers/brainstorm/94078-1780470549/content/settings-nav.html"}
{"type":"screen-updated","file":"/Users/zj81920/应用开发/zj-huadong-erp/.superpowers/brainstorm/94078-1780470549/content/settings-nav.html"}
{"type":"screen-updated","file":"/Users/zj81920/应用开发/zj-huadong-erp/.superpowers/brainstorm/94078-1780470549/content/settings-nav.html"}
{"type":"screen-updated","file":"/Users/zj81920/应用开发/zj-huadong-erp/.superpowers/brainstorm/94078-1780470549/content/settings-nav.html"}
{"type":"screen-updated","file":"/Users/zj81920/应用开发/zj-huadong-erp/.superpowers/brainstorm/94078-1780470549/content/settings-nav.html"}
{"type":"screen-updated","file":"/Users/zj81920/应用开发/zj-huadong-erp/.superpowers/brainstorm/94078-1780470549/content/settings-nav.html"}
{"type":"screen-updated","file":"/Users/zj81920/应用开发/zj-huadong-erp/.superpowers/brainstorm/94078-1780470549/content/settings-nav.html"}
{"type":"screen-updated","file":"/Users/zj81920/应用开发/zj-huadong-erp/.superpowers/brainstorm/94078-1780470549/content/settings-nav.html"}
{"type":"screen-updated","file":"/Users/zj81920/应用开发/zj-huadong-erp/.superpowers/brainstorm/94078-1780470549/content/settings-nav.html"}
{"type":"screen-updated","file":"/Users/zj81920/应用开发/zj-huadong-erp/.superpowers/brainstorm/94078-1780470549/content/settings-nav.html"}
{"type":"screen-updated","file":"/Users/zj81920/应用开发/zj-huadong-erp/.superpowers/brainstorm/94078-1780470549/content/settings-nav.html"}
{"type":"screen-updated","file":"/Users/zj81920/应用开发/zj-huadong-erp/.superpowers/brainstorm/94078-1780470549/content/settings-nav.html"}
{"type":"screen-updated","file":"/Users/zj81920/应用开发/zj-huadong-erp/.superpowers/brainstorm/94078-1780470549/content/settings-nav.html"}
{"type":"screen-updated","file":"/Users/zj81920/应用开发/zj-huadong-erp/.superpowers/brainstorm/94078-1780470549/content/settings-nav.html"}
{"type":"screen-updated","file":"/Users/zj81920/应用开发/zj-huadong-erp/.superpowers/brainstorm/94078-1780470549/content/settings-nav.html"}
{"type":"screen-added","file":"/Users/zj81920/应用开发/zj-huadong-erp/.superpowers/brainstorm/94078-1780470549/content/role-list.html"}
{"type":"screen-updated","file":"/Users/zj81920/应用开发/zj-huadong-erp/.superpowers/brainstorm/94078-1780470549/content/role-list.html"}
{"type":"screen-updated","file":"/Users/zj81920/应用开发/zj-huadong-erp/.superpowers/brainstorm/94078-1780470549/content/role-list.html"}
{"type":"screen-updated","file":"/Users/zj81920/应用开发/zj-huadong-erp/.superpowers/brainstorm/94078-1780470549/content/role-list.html"}
{"type":"screen-updated","file":"/Users/zj81920/应用开发/zj-huadong-erp/.superpowers/brainstorm/94078-1780470549/content/role-list.html"}
{"type":"screen-updated","file":"/Users/zj81920/应用开发/zj-huadong-erp/.superpowers/brainstorm/94078-1780470549/content/role-list.html"}
{"type":"screen-updated","file":"/Users/zj81920/应用开发/zj-huadong-erp/.superpowers/brainstorm/94078-1780470549/content/role-list.html"}
{"type":"screen-updated","file":"/Users/zj81920/应用开发/zj-huadong-erp/.superpowers/brainstorm/94078-1780470549/content/role-list.html"}
{"type":"screen-updated","file":"/Users/zj81920/应用开发/zj-huadong-erp/.superpowers/brainstorm/94078-1780470549/content/role-list.html"}
{"type":"screen-updated","file":"/Users/zj81920/应用开发/zj-huadong-erp/.superpowers/brainstorm/94078-1780470549/content/role-list.html"}
{"type":"screen-updated","file":"/Users/zj81920/应用开发/zj-huadong-erp/.superpowers/brainstorm/94078-1780470549/content/role-list.html"}
{"type":"screen-updated","file":"/Users/zj81920/应用开发/zj-huadong-erp/.superpowers/brainstorm/94078-1780470549/content/role-list.html"}
{"type":"screen-updated","file":"/Users/zj81920/应用开发/zj-huadong-erp/.superpowers/brainstorm/94078-1780470549/content/role-list.html"}
{"type":"screen-updated","file":"/Users/zj81920/应用开发/zj-huadong-erp/.superpowers/brainstorm/94078-1780470549/content/role-list.html"}
{"type":"screen-updated","file":"/Users/zj81920/应用开发/zj-huadong-erp/.superpowers/brainstorm/94078-1780470549/content/role-list.html"}
{"type":"screen-updated","file":"/Users/zj81920/应用开发/zj-huadong-erp/.superpowers/brainstorm/94078-1780470549/content/role-list.html"}
{"type":"screen-updated","file":"/Users/zj81920/应用开发/zj-huadong-erp/.superpowers/brainstorm/94078-1780470549/content/role-list.html"}
{"type":"screen-updated","file":"/Users/zj81920/应用开发/zj-huadong-erp/.superpowers/brainstorm/94078-1780470549/content/role-list.html"}
{"type":"screen-updated","file":"/Users/zj81920/应用开发/zj-huadong-erp/.superpowers/brainstorm/94078-1780470549/content/role-list.html"}
{"type":"screen-updated","file":"/Users/zj81920/应用开发/zj-huadong-erp/.superpowers/brainstorm/94078-1780470549/content/role-list.html"}
{"type":"screen-updated","file":"/Users/zj81920/应用开发/zj-huadong-erp/.superpowers/brainstorm/94078-1780470549/content/role-list.html"}
{"type":"screen-updated","file":"/Users/zj81920/应用开发/zj-huadong-erp/.superpowers/brainstorm/94078-1780470549/content/role-list.html"}
{"type":"screen-updated","file":"/Users/zj81920/应用开发/zj-huadong-erp/.superpowers/brainstorm/94078-1780470549/content/role-list.html"}
{"type":"screen-updated","file":"/Users/zj81920/应用开发/zj-huadong-erp/.superpowers/brainstorm/94078-1780470549/content/role-list.html"}
{"type":"screen-updated","file":"/Users/zj81920/应用开发/zj-huadong-erp/.superpowers/brainstorm/94078-1780470549/content/role-list.html"}
{"type":"screen-updated","file":"/Users/zj81920/应用开发/zj-huadong-erp/.superpowers/brainstorm/94078-1780470549/content/role-list.html"}
{"type":"screen-updated","file":"/Users/zj81920/应用开发/zj-huadong-erp/.superpowers/brainstorm/94078-1780470549/content/role-list.html"}
{"type":"screen-updated","file":"/Users/zj81920/应用开发/zj-huadong-erp/.superpowers/brainstorm/94078-1780470549/content/role-list.html"}
{"type":"screen-updated","file":"/Users/zj81920/应用开发/zj-huadong-erp/.superpowers/brainstorm/94078-1780470549/content/role-list.html"}
{"type":"screen-updated","file":"/Users/zj81920/应用开发/zj-huadong-erp/.superpowers/brainstorm/94078-1780470549/content/role-list.html"}
{"type":"screen-updated","file":"/Users/zj81920/应用开发/zj-huadong-erp/.superpowers/brainstorm/94078-1780470549/content/role-list.html"}
{"type":"screen-updated","file":"/Users/zj81920/应用开发/zj-huadong-erp/.superpowers/brainstorm/94078-1780470549/content/role-list.html"}
{"type":"screen-updated","file":"/Users/zj81920/应用开发/zj-huadong-erp/.superpowers/brainstorm/94078-1780470549/content/role-list.html"}
{"type":"screen-updated","file":"/Users/zj81920/应用开发/zj-huadong-erp/.superpowers/brainstorm/94078-1780470549/content/role-list.html"}
{"type":"screen-updated","file":"/Users/zj81920/应用开发/zj-huadong-erp/.superpowers/brainstorm/94078-1780470549/content/role-list.html"}
{"type":"screen-updated","file":"/Users/zj81920/应用开发/zj-huadong-erp/.superpowers/brainstorm/94078-1780470549/content/role-list.html"}
{"type":"screen-updated","file":"/Users/zj81920/应用开发/zj-huadong-erp/.superpowers/brainstorm/94078-1780470549/content/role-list.html"}
{"type":"screen-updated","file":"/Users/zj81920/应用开发/zj-huadong-erp/.superpowers/brainstorm/94078-1780470549/content/role-list.html"}
{"type":"screen-updated","file":"/Users/zj81920/应用开发/zj-huadong-erp/.superpowers/brainstorm/94078-1780470549/content/role-list.html"}
{"type":"screen-updated","file":"/Users/zj81920/应用开发/zj-huadong-erp/.superpowers/brainstorm/94078-1780470549/content/role-list.html"}
{"type":"screen-updated","file":"/Users/zj81920/应用开发/zj-huadong-erp/.superpowers/brainstorm/94078-1780470549/content/role-list.html"}
{"type":"screen-updated","file":"/Users/zj81920/应用开发/zj-huadong-erp/.superpowers/brainstorm/94078-1780470549/content/role-list.html"}
{"type":"screen-updated","file":"/Users/zj81920/应用开发/zj-huadong-erp/.superpowers/brainstorm/94078-1780470549/content/role-list.html"}
{"type":"screen-updated","file":"/Users/zj81920/应用开发/zj-huadong-erp/.superpowers/brainstorm/94078-1780470549/content/role-list.html"}
{"type":"screen-updated","file":"/Users/zj81920/应用开发/zj-huadong-erp/.superpowers/brainstorm/94078-1780470549/content/role-list.html"}
{"type":"screen-updated","file":"/Users/zj81920/应用开发/zj-huadong-erp/.superpowers/brainstorm/94078-1780470549/content/role-list.html"}
{"type":"screen-updated","file":"/Users/zj81920/应用开发/zj-huadong-erp/.superpowers/brainstorm/94078-1780470549/content/role-list.html"}
{"type":"screen-updated","file":"/Users/zj81920/应用开发/zj-huadong-erp/.superpowers/brainstorm/94078-1780470549/content/role-list.html"}
{"type":"screen-added","file":"/Users/zj81920/应用开发/zj-huadong-erp/.superpowers/brainstorm/94078-1780470549/content/role-edit.html"}
{"type":"screen-updated","file":"/Users/zj81920/应用开发/zj-huadong-erp/.superpowers/brainstorm/94078-1780470549/content/role-edit.html"}
{"type":"screen-updated","file":"/Users/zj81920/应用开发/zj-huadong-erp/.superpowers/brainstorm/94078-1780470549/content/role-edit.html"}
{"type":"screen-updated","file":"/Users/zj81920/应用开发/zj-huadong-erp/.superpowers/brainstorm/94078-1780470549/content/role-edit.html"}
{"type":"screen-updated","file":"/Users/zj81920/应用开发/zj-huadong-erp/.superpowers/brainstorm/94078-1780470549/content/role-edit.html"}
{"type":"screen-updated","file":"/Users/zj81920/应用开发/zj-huadong-erp/.superpowers/brainstorm/94078-1780470549/content/role-edit.html"}
{"type":"screen-updated","file":"/Users/zj81920/应用开发/zj-huadong-erp/.superpowers/brainstorm/94078-1780470549/content/role-edit.html"}
{"type":"screen-updated","file":"/Users/zj81920/应用开发/zj-huadong-erp/.superpowers/brainstorm/94078-1780470549/content/role-edit.html"}
{"type":"screen-updated","file":"/Users/zj81920/应用开发/zj-huadong-erp/.superpowers/brainstorm/94078-1780470549/content/role-edit.html"}
{"type":"screen-updated","file":"/Users/zj81920/应用开发/zj-huadong-erp/.superpowers/brainstorm/94078-1780470549/content/role-edit.html"}
{"type":"screen-updated","file":"/Users/zj81920/应用开发/zj-huadong-erp/.superpowers/brainstorm/94078-1780470549/content/role-edit.html"}
{"type":"screen-updated","file":"/Users/zj81920/应用开发/zj-huadong-erp/.superpowers/brainstorm/94078-1780470549/content/role-edit.html"}
{"type":"screen-updated","file":"/Users/zj81920/应用开发/zj-huadong-erp/.superpowers/brainstorm/94078-1780470549/content/role-edit.html"}
{"type":"screen-updated","file":"/Users/zj81920/应用开发/zj-huadong-erp/.superpowers/brainstorm/94078-1780470549/content/role-edit.html"}
{"type":"screen-updated","file":"/Users/zj81920/应用开发/zj-huadong-erp/.superpowers/brainstorm/94078-1780470549/content/role-edit.html"}
{"type":"screen-updated","file":"/Users/zj81920/应用开发/zj-huadong-erp/.superpowers/brainstorm/94078-1780470549/content/role-edit.html"}
{"type":"screen-updated","file":"/Users/zj81920/应用开发/zj-huadong-erp/.superpowers/brainstorm/94078-1780470549/content/role-edit.html"}
{"type":"screen-updated","file":"/Users/zj81920/应用开发/zj-huadong-erp/.superpowers/brainstorm/94078-1780470549/content/role-edit.html"}
{"type":"screen-updated","file":"/Users/zj81920/应用开发/zj-huadong-erp/.superpowers/brainstorm/94078-1780470549/content/role-edit.html"}
{"type":"screen-updated","file":"/Users/zj81920/应用开发/zj-huadong-erp/.superpowers/brainstorm/94078-1780470549/content/role-edit.html"}
{"type":"screen-updated","file":"/Users/zj81920/应用开发/zj-huadong-erp/.superpowers/brainstorm/94078-1780470549/content/role-edit.html"}
{"type":"screen-updated","file":"/Users/zj81920/应用开发/zj-huadong-erp/.superpowers/brainstorm/94078-1780470549/content/role-edit.html"}
{"type":"screen-updated","file":"/Users/zj81920/应用开发/zj-huadong-erp/.superpowers/brainstorm/94078-1780470549/content/role-edit.html"}
{"type":"screen-updated","file":"/Users/zj81920/应用开发/zj-huadong-erp/.superpowers/brainstorm/94078-1780470549/content/role-edit.html"}
{"type":"screen-updated","file":"/Users/zj81920/应用开发/zj-huadong-erp/.superpowers/brainstorm/94078-1780470549/content/role-edit.html"}
{"type":"screen-updated","file":"/Users/zj81920/应用开发/zj-huadong-erp/.superpowers/brainstorm/94078-1780470549/content/role-edit.html"}
{"type":"screen-updated","file":"/Users/zj81920/应用开发/zj-huadong-erp/.superpowers/brainstorm/94078-1780470549/content/role-edit.html"}
{"type":"screen-updated","file":"/Users/zj81920/应用开发/zj-huadong-erp/.superpowers/brainstorm/94078-1780470549/content/role-edit.html"}
{"type":"screen-updated","file":"/Users/zj81920/应用开发/zj-huadong-erp/.superpowers/brainstorm/94078-1780470549/content/role-edit.html"}
{"type":"screen-updated","file":"/Users/zj81920/应用开发/zj-huadong-erp/.superpowers/brainstorm/94078-1780470549/content/role-edit.html"}
{"type":"screen-updated","file":"/Users/zj81920/应用开发/zj-huadong-erp/.superpowers/brainstorm/94078-1780470549/content/role-edit.html"}
{"type":"screen-updated","file":"/Users/zj81920/应用开发/zj-huadong-erp/.superpowers/brainstorm/94078-1780470549/content/role-edit.html"}
{"type":"screen-updated","file":"/Users/zj81920/应用开发/zj-huadong-erp/.superpowers/brainstorm/94078-1780470549/content/role-edit.html"}
{"type":"screen-updated","file":"/Users/zj81920/应用开发/zj-huadong-erp/.superpowers/brainstorm/94078-1780470549/content/role-edit.html"}
{"type":"screen-updated","file":"/Users/zj81920/应用开发/zj-huadong-erp/.superpowers/brainstorm/94078-1780470549/content/role-edit.html"}
{"type":"screen-updated","file":"/Users/zj81920/应用开发/zj-huadong-erp/.superpowers/brainstorm/94078-1780470549/content/role-edit.html"}
{"type":"screen-updated","file":"/Users/zj81920/应用开发/zj-huadong-erp/.superpowers/brainstorm/94078-1780470549/content/role-edit.html"}
{"type":"screen-updated","file":"/Users/zj81920/应用开发/zj-huadong-erp/.superpowers/brainstorm/94078-1780470549/content/role-edit.html"}
{"type":"screen-updated","file":"/Users/zj81920/应用开发/zj-huadong-erp/.superpowers/brainstorm/94078-1780470549/content/role-edit.html"}
{"type":"screen-updated","file":"/Users/zj81920/应用开发/zj-huadong-erp/.superpowers/brainstorm/94078-1780470549/content/role-edit.html"}
{"type":"screen-updated","file":"/Users/zj81920/应用开发/zj-huadong-erp/.superpowers/brainstorm/94078-1780470549/content/role-edit.html"}
{"type":"screen-updated","file":"/Users/zj81920/应用开发/zj-huadong-erp/.superpowers/brainstorm/94078-1780470549/content/role-edit.html"}
{"type":"screen-updated","file":"/Users/zj81920/应用开发/zj-huadong-erp/.superpowers/brainstorm/94078-1780470549/content/role-edit.html"}
{"type":"screen-updated","file":"/Users/zj81920/应用开发/zj-huadong-erp/.superpowers/brainstorm/94078-1780470549/content/role-edit.html"}
{"type":"screen-updated","file":"/Users/zj81920/应用开发/zj-huadong-erp/.superpowers/brainstorm/94078-1780470549/content/role-edit.html"}
{"type":"screen-updated","file":"/Users/zj81920/应用开发/zj-huadong-erp/.superpowers/brainstorm/94078-1780470549/content/role-edit.html"}
{"type":"screen-updated","file":"/Users/zj81920/应用开发/zj-huadong-erp/.superpowers/brainstorm/94078-1780470549/content/role-edit.html"}
{"type":"screen-updated","file":"/Users/zj81920/应用开发/zj-huadong-erp/.superpowers/brainstorm/94078-1780470549/content/role-edit.html"}
{"type":"screen-updated","file":"/Users/zj81920/应用开发/zj-huadong-erp/.superpowers/brainstorm/94078-1780470549/content/role-edit.html"}
{"type":"screen-updated","file":"/Users/zj81920/应用开发/zj-huadong-erp/.superpowers/brainstorm/94078-1780470549/content/role-edit.html"}
{"type":"screen-updated","file":"/Users/zj81920/应用开发/zj-huadong-erp/.superpowers/brainstorm/94078-1780470549/content/role-edit.html"}
{"type":"screen-updated","file":"/Users/zj81920/应用开发/zj-huadong-erp/.superpowers/brainstorm/94078-1780470549/content/role-edit.html"}
{"type":"screen-updated","file":"/Users/zj81920/应用开发/zj-huadong-erp/.superpowers/brainstorm/94078-1780470549/content/role-edit.html"}
{"type":"screen-updated","file":"/Users/zj81920/应用开发/zj-huadong-erp/.superpowers/brainstorm/94078-1780470549/content/role-edit.html"}
{"type":"screen-updated","file":"/Users/zj81920/应用开发/zj-huadong-erp/.superpowers/brainstorm/94078-1780470549/content/role-edit.html"}
{"type":"screen-updated","file":"/Users/zj81920/应用开发/zj-huadong-erp/.superpowers/brainstorm/94078-1780470549/content/role-edit.html"}
{"type":"screen-updated","file":"/Users/zj81920/应用开发/zj-huadong-erp/.superpowers/brainstorm/94078-1780470549/content/role-edit.html"}
{"type":"screen-updated","file":"/Users/zj81920/应用开发/zj-huadong-erp/.superpowers/brainstorm/94078-1780470549/content/role-edit.html"}
{"type":"screen-updated","file":"/Users/zj81920/应用开发/zj-huadong-erp/.superpowers/brainstorm/94078-1780470549/content/role-edit.html"}
{"type":"screen-updated","file":"/Users/zj81920/应用开发/zj-huadong-erp/.superpowers/brainstorm/94078-1780470549/content/role-edit.html"}
{"type":"screen-updated","file":"/Users/zj81920/应用开发/zj-huadong-erp/.superpowers/brainstorm/94078-1780470549/content/role-edit.html"}
{"type":"screen-updated","file":"/Users/zj81920/应用开发/zj-huadong-erp/.superpowers/brainstorm/94078-1780470549/content/role-edit.html"}
{"type":"screen-updated","file":"/Users/zj81920/应用开发/zj-huadong-erp/.superpowers/brainstorm/94078-1780470549/content/role-edit.html"}
{"type":"screen-updated","file":"/Users/zj81920/应用开发/zj-huadong-erp/.superpowers/brainstorm/94078-1780470549/content/role-edit.html"}
{"type":"screen-updated","file":"/Users/zj81920/应用开发/zj-huadong-erp/.superpowers/brainstorm/94078-1780470549/content/role-edit.html"}
{"type":"screen-updated","file":"/Users/zj81920/应用开发/zj-huadong-erp/.superpowers/brainstorm/94078-1780470549/content/role-edit.html"}
{"type":"screen-updated","file":"/Users/zj81920/应用开发/zj-huadong-erp/.superpowers/brainstorm/94078-1780470549/content/role-edit.html"}
{"type":"screen-updated","file":"/Users/zj81920/应用开发/zj-huadong-erp/.superpowers/brainstorm/94078-1780470549/content/role-edit.html"}
{"type":"screen-updated","file":"/Users/zj81920/应用开发/zj-huadong-erp/.superpowers/brainstorm/94078-1780470549/content/role-edit.html"}
{"type":"screen-updated","file":"/Users/zj81920/应用开发/zj-huadong-erp/.superpowers/brainstorm/94078-1780470549/content/role-edit.html"}
{"type":"screen-updated","file":"/Users/zj81920/应用开发/zj-huadong-erp/.superpowers/brainstorm/94078-1780470549/content/role-edit.html"}
{"type":"screen-added","file":"/Users/zj81920/应用开发/zj-huadong-erp/.superpowers/brainstorm/94078-1780470549/content/flow-settings.html"}
{"type":"screen-updated","file":"/Users/zj81920/应用开发/zj-huadong-erp/.superpowers/brainstorm/94078-1780470549/content/flow-settings.html"}
{"type":"screen-updated","file":"/Users/zj81920/应用开发/zj-huadong-erp/.superpowers/brainstorm/94078-1780470549/content/flow-settings.html"}
{"type":"screen-updated","file":"/Users/zj81920/应用开发/zj-huadong-erp/.superpowers/brainstorm/94078-1780470549/content/flow-settings.html"}
{"type":"screen-updated","file":"/Users/zj81920/应用开发/zj-huadong-erp/.superpowers/brainstorm/94078-1780470549/content/flow-settings.html"}
{"type":"screen-updated","file":"/Users/zj81920/应用开发/zj-huadong-erp/.superpowers/brainstorm/94078-1780470549/content/flow-settings.html"}
{"type":"screen-updated","file":"/Users/zj81920/应用开发/zj-huadong-erp/.superpowers/brainstorm/94078-1780470549/content/flow-settings.html"}
{"type":"screen-updated","file":"/Users/zj81920/应用开发/zj-huadong-erp/.superpowers/brainstorm/94078-1780470549/content/flow-settings.html"}
{"type":"screen-updated","file":"/Users/zj81920/应用开发/zj-huadong-erp/.superpowers/brainstorm/94078-1780470549/content/flow-settings.html"}
{"type":"screen-updated","file":"/Users/zj81920/应用开发/zj-huadong-erp/.superpowers/brainstorm/94078-1780470549/content/flow-settings.html"}
{"type":"screen-updated","file":"/Users/zj81920/应用开发/zj-huadong-erp/.superpowers/brainstorm/94078-1780470549/content/flow-settings.html"}
{"type":"screen-updated","file":"/Users/zj81920/应用开发/zj-huadong-erp/.superpowers/brainstorm/94078-1780470549/content/flow-settings.html"}
{"type":"screen-updated","file":"/Users/zj81920/应用开发/zj-huadong-erp/.superpowers/brainstorm/94078-1780470549/content/flow-settings.html"}
{"type":"screen-updated","file":"/Users/zj81920/应用开发/zj-huadong-erp/.superpowers/brainstorm/94078-1780470549/content/flow-settings.html"}
{"type":"screen-updated","file":"/Users/zj81920/应用开发/zj-huadong-erp/.superpowers/brainstorm/94078-1780470549/content/flow-settings.html"}
{"type":"screen-updated","file":"/Users/zj81920/应用开发/zj-huadong-erp/.superpowers/brainstorm/94078-1780470549/content/flow-settings.html"}
{"type":"screen-updated","file":"/Users/zj81920/应用开发/zj-huadong-erp/.superpowers/brainstorm/94078-1780470549/content/flow-settings.html"}
{"type":"screen-updated","file":"/Users/zj81920/应用开发/zj-huadong-erp/.superpowers/brainstorm/94078-1780470549/content/flow-settings.html"}
{"type":"screen-updated","file":"/Users/zj81920/应用开发/zj-huadong-erp/.superpowers/brainstorm/94078-1780470549/content/flow-settings.html"}
{"type":"screen-updated","file":"/Users/zj81920/应用开发/zj-huadong-erp/.superpowers/brainstorm/94078-1780470549/content/flow-settings.html"}
{"type":"screen-updated","file":"/Users/zj81920/应用开发/zj-huadong-erp/.superpowers/brainstorm/94078-1780470549/content/flow-settings.html"}
{"type":"screen-updated","file":"/Users/zj81920/应用开发/zj-huadong-erp/.superpowers/brainstorm/94078-1780470549/content/flow-settings.html"}
{"type":"screen-updated","file":"/Users/zj81920/应用开发/zj-huadong-erp/.superpowers/brainstorm/94078-1780470549/content/flow-settings.html"}
{"type":"screen-updated","file":"/Users/zj81920/应用开发/zj-huadong-erp/.superpowers/brainstorm/94078-1780470549/content/flow-settings.html"}
{"type":"screen-updated","file":"/Users/zj81920/应用开发/zj-huadong-erp/.superpowers/brainstorm/94078-1780470549/content/flow-settings.html"}
{"type":"screen-updated","file":"/Users/zj81920/应用开发/zj-huadong-erp/.superpowers/brainstorm/94078-1780470549/content/flow-settings.html"}
{"type":"screen-updated","file":"/Users/zj81920/应用开发/zj-huadong-erp/.superpowers/brainstorm/94078-1780470549/content/flow-settings.html"}
{"type":"screen-updated","file":"/Users/zj81920/应用开发/zj-huadong-erp/.superpowers/brainstorm/94078-1780470549/content/flow-settings.html"}
{"type":"screen-updated","file":"/Users/zj81920/应用开发/zj-huadong-erp/.superpowers/brainstorm/94078-1780470549/content/flow-settings.html"}
{"type":"screen-updated","file":"/Users/zj81920/应用开发/zj-huadong-erp/.superpowers/brainstorm/94078-1780470549/content/flow-settings.html"}
{"type":"screen-updated","file":"/Users/zj81920/应用开发/zj-huadong-erp/.superpowers/brainstorm/94078-1780470549/content/flow-settings.html"}
{"type":"screen-updated","file":"/Users/zj81920/应用开发/zj-huadong-erp/.superpowers/brainstorm/94078-1780470549/content/flow-settings.html"}
{"type":"screen-updated","file":"/Users/zj81920/应用开发/zj-huadong-erp/.superpowers/brainstorm/94078-1780470549/content/flow-settings.html"}
{"type":"screen-updated","file":"/Users/zj81920/应用开发/zj-huadong-erp/.superpowers/brainstorm/94078-1780470549/content/flow-settings.html"}
{"type":"screen-updated","file":"/Users/zj81920/应用开发/zj-huadong-erp/.superpowers/brainstorm/94078-1780470549/content/flow-settings.html"}
{"type":"screen-updated","file":"/Users/zj81920/应用开发/zj-huadong-erp/.superpowers/brainstorm/94078-1780470549/content/flow-settings.html"}
{"type":"screen-updated","file":"/Users/zj81920/应用开发/zj-huadong-erp/.superpowers/brainstorm/94078-1780470549/content/flow-settings.html"}
{"type":"screen-updated","file":"/Users/zj81920/应用开发/zj-huadong-erp/.superpowers/brainstorm/94078-1780470549/content/flow-settings.html"}
{"type":"screen-updated","file":"/Users/zj81920/应用开发/zj-huadong-erp/.superpowers/brainstorm/94078-1780470549/content/flow-settings.html"}
{"type":"screen-updated","file":"/Users/zj81920/应用开发/zj-huadong-erp/.superpowers/brainstorm/94078-1780470549/content/flow-settings.html"}
{"type":"screen-updated","file":"/Users/zj81920/应用开发/zj-huadong-erp/.superpowers/brainstorm/94078-1780470549/content/flow-settings.html"}
{"type":"screen-updated","file":"/Users/zj81920/应用开发/zj-huadong-erp/.superpowers/brainstorm/94078-1780470549/content/flow-settings.html"}
{"type":"screen-updated","file":"/Users/zj81920/应用开发/zj-huadong-erp/.superpowers/brainstorm/94078-1780470549/content/flow-settings.html"}
{"type":"screen-updated","file":"/Users/zj81920/应用开发/zj-huadong-erp/.superpowers/brainstorm/94078-1780470549/content/flow-settings.html"}
{"type":"screen-updated","file":"/Users/zj81920/应用开发/zj-huadong-erp/.superpowers/brainstorm/94078-1780470549/content/flow-settings.html"}
{"type":"screen-updated","file":"/Users/zj81920/应用开发/zj-huadong-erp/.superpowers/brainstorm/94078-1780470549/content/flow-settings.html"}
{"type":"screen-updated","file":"/Users/zj81920/应用开发/zj-huadong-erp/.superpowers/brainstorm/94078-1780470549/content/flow-settings.html"}
{"type":"screen-updated","file":"/Users/zj81920/应用开发/zj-huadong-erp/.superpowers/brainstorm/94078-1780470549/content/flow-settings.html"}
{"type":"screen-updated","file":"/Users/zj81920/应用开发/zj-huadong-erp/.superpowers/brainstorm/94078-1780470549/content/flow-settings.html"}
{"type":"screen-updated","file":"/Users/zj81920/应用开发/zj-huadong-erp/.superpowers/brainstorm/94078-1780470549/content/flow-settings.html"}
{"type":"screen-updated","file":"/Users/zj81920/应用开发/zj-huadong-erp/.superpowers/brainstorm/94078-1780470549/content/flow-settings.html"}
{"type":"screen-updated","file":"/Users/zj81920/应用开发/zj-huadong-erp/.superpowers/brainstorm/94078-1780470549/content/flow-settings.html"}
{"type":"screen-updated","file":"/Users/zj81920/应用开发/zj-huadong-erp/.superpowers/brainstorm/94078-1780470549/content/flow-settings.html"}
{"type":"screen-updated","file":"/Users/zj81920/应用开发/zj-huadong-erp/.superpowers/brainstorm/94078-1780470549/content/flow-settings.html"}
{"type":"screen-updated","file":"/Users/zj81920/应用开发/zj-huadong-erp/.superpowers/brainstorm/94078-1780470549/content/flow-settings.html"}
{"type":"screen-updated","file":"/Users/zj81920/应用开发/zj-huadong-erp/.superpowers/brainstorm/94078-1780470549/content/flow-settings.html"}
{"type":"screen-updated","file":"/Users/zj81920/应用开发/zj-huadong-erp/.superpowers/brainstorm/94078-1780470549/content/flow-settings.html"}
{"type":"screen-updated","file":"/Users/zj81920/应用开发/zj-huadong-erp/.superpowers/brainstorm/94078-1780470549/content/flow-settings.html"}
{"type":"screen-updated","file":"/Users/zj81920/应用开发/zj-huadong-erp/.superpowers/brainstorm/94078-1780470549/content/flow-settings.html"}
{"type":"screen-updated","file":"/Users/zj81920/应用开发/zj-huadong-erp/.superpowers/brainstorm/94078-1780470549/content/flow-settings.html"}
{"type":"screen-updated","file":"/Users/zj81920/应用开发/zj-huadong-erp/.superpowers/brainstorm/94078-1780470549/content/flow-settings.html"}
{"type":"screen-updated","file":"/Users/zj81920/应用开发/zj-huadong-erp/.superpowers/brainstorm/94078-1780470549/content/flow-settings.html"}
{"type":"screen-updated","file":"/Users/zj81920/应用开发/zj-huadong-erp/.superpowers/brainstorm/94078-1780470549/content/flow-settings.html"}
{"type":"screen-updated","file":"/Users/zj81920/应用开发/zj-huadong-erp/.superpowers/brainstorm/94078-1780470549/content/flow-settings.html"}
{"type":"screen-updated","file":"/Users/zj81920/应用开发/zj-huadong-erp/.superpowers/brainstorm/94078-1780470549/content/flow-settings.html"}
{"type":"screen-updated","file":"/Users/zj81920/应用开发/zj-huadong-erp/.superpowers/brainstorm/94078-1780470549/content/flow-settings.html"}
{"type":"screen-updated","file":"/Users/zj81920/应用开发/zj-huadong-erp/.superpowers/brainstorm/94078-1780470549/content/flow-settings.html"}
{"type":"screen-updated","file":"/Users/zj81920/应用开发/zj-huadong-erp/.superpowers/brainstorm/94078-1780470549/content/flow-settings.html"}
{"type":"screen-updated","file":"/Users/zj81920/应用开发/zj-huadong-erp/.superpowers/brainstorm/94078-1780470549/content/flow-settings.html"}
{"type":"screen-updated","file":"/Users/zj81920/应用开发/zj-huadong-erp/.superpowers/brainstorm/94078-1780470549/content/flow-settings.html"}
{"type":"screen-updated","file":"/Users/zj81920/应用开发/zj-huadong-erp/.superpowers/brainstorm/94078-1780470549/content/flow-settings.html"}
{"type":"screen-updated","file":"/Users/zj81920/应用开发/zj-huadong-erp/.superpowers/brainstorm/94078-1780470549/content/flow-settings.html"}
{"type":"screen-updated","file":"/Users/zj81920/应用开发/zj-huadong-erp/.superpowers/brainstorm/94078-1780470549/content/flow-settings.html"}
{"type":"screen-updated","file":"/Users/zj81920/应用开发/zj-huadong-erp/.superpowers/brainstorm/94078-1780470549/content/flow-settings.html"}
{"type":"screen-updated","file":"/Users/zj81920/应用开发/zj-huadong-erp/.superpowers/brainstorm/94078-1780470549/content/flow-settings.html"}
{"type":"screen-updated","file":"/Users/zj81920/应用开发/zj-huadong-erp/.superpowers/brainstorm/94078-1780470549/content/flow-settings.html"}
{"type":"screen-updated","file":"/Users/zj81920/应用开发/zj-huadong-erp/.superpowers/brainstorm/94078-1780470549/content/flow-settings.html"}
{"type":"screen-updated","file":"/Users/zj81920/应用开发/zj-huadong-erp/.superpowers/brainstorm/94078-1780470549/content/flow-settings.html"}
{"type":"screen-added","file":"/Users/zj81920/应用开发/zj-huadong-erp/.superpowers/brainstorm/94078-1780470549/content/draft-entry.html"}
{"type":"screen-updated","file":"/Users/zj81920/应用开发/zj-huadong-erp/.superpowers/brainstorm/94078-1780470549/content/draft-entry.html"}
{"type":"screen-updated","file":"/Users/zj81920/应用开发/zj-huadong-erp/.superpowers/brainstorm/94078-1780470549/content/draft-entry.html"}
{"type":"screen-updated","file":"/Users/zj81920/应用开发/zj-huadong-erp/.superpowers/brainstorm/94078-1780470549/content/draft-entry.html"}
{"type":"screen-updated","file":"/Users/zj81920/应用开发/zj-huadong-erp/.superpowers/brainstorm/94078-1780470549/content/draft-entry.html"}
{"type":"screen-updated","file":"/Users/zj81920/应用开发/zj-huadong-erp/.superpowers/brainstorm/94078-1780470549/content/draft-entry.html"}
{"type":"screen-updated","file":"/Users/zj81920/应用开发/zj-huadong-erp/.superpowers/brainstorm/94078-1780470549/content/draft-entry.html"}
{"type":"screen-updated","file":"/Users/zj81920/应用开发/zj-huadong-erp/.superpowers/brainstorm/94078-1780470549/content/draft-entry.html"}
{"type":"screen-updated","file":"/Users/zj81920/应用开发/zj-huadong-erp/.superpowers/brainstorm/94078-1780470549/content/draft-entry.html"}
{"type":"screen-updated","file":"/Users/zj81920/应用开发/zj-huadong-erp/.superpowers/brainstorm/94078-1780470549/content/draft-entry.html"}
{"type":"screen-updated","file":"/Users/zj81920/应用开发/zj-huadong-erp/.superpowers/brainstorm/94078-1780470549/content/draft-entry.html"}
{"type":"screen-updated","file":"/Users/zj81920/应用开发/zj-huadong-erp/.superpowers/brainstorm/94078-1780470549/content/draft-entry.html"}
{"type":"screen-updated","file":"/Users/zj81920/应用开发/zj-huadong-erp/.superpowers/brainstorm/94078-1780470549/content/draft-entry.html"}
{"type":"screen-updated","file":"/Users/zj81920/应用开发/zj-huadong-erp/.superpowers/brainstorm/94078-1780470549/content/draft-entry.html"}
{"type":"screen-updated","file":"/Users/zj81920/应用开发/zj-huadong-erp/.superpowers/brainstorm/94078-1780470549/content/draft-entry.html"}
{"type":"screen-updated","file":"/Users/zj81920/应用开发/zj-huadong-erp/.superpowers/brainstorm/94078-1780470549/content/draft-entry.html"}
{"type":"screen-updated","file":"/Users/zj81920/应用开发/zj-huadong-erp/.superpowers/brainstorm/94078-1780470549/content/draft-entry.html"}
{"type":"screen-updated","file":"/Users/zj81920/应用开发/zj-huadong-erp/.superpowers/brainstorm/94078-1780470549/content/draft-entry.html"}
{"type":"screen-updated","file":"/Users/zj81920/应用开发/zj-huadong-erp/.superpowers/brainstorm/94078-1780470549/content/draft-entry.html"}
{"type":"screen-updated","file":"/Users/zj81920/应用开发/zj-huadong-erp/.superpowers/brainstorm/94078-1780470549/content/draft-entry.html"}
{"type":"screen-updated","file":"/Users/zj81920/应用开发/zj-huadong-erp/.superpowers/brainstorm/94078-1780470549/content/draft-entry.html"}
{"type":"screen-updated","file":"/Users/zj81920/应用开发/zj-huadong-erp/.superpowers/brainstorm/94078-1780470549/content/draft-entry.html"}
{"type":"screen-updated","file":"/Users/zj81920/应用开发/zj-huadong-erp/.superpowers/brainstorm/94078-1780470549/content/draft-entry.html"}
{"type":"screen-updated","file":"/Users/zj81920/应用开发/zj-huadong-erp/.superpowers/brainstorm/94078-1780470549/content/draft-entry.html"}
{"type":"screen-updated","file":"/Users/zj81920/应用开发/zj-huadong-erp/.superpowers/brainstorm/94078-1780470549/content/draft-entry.html"}
{"type":"screen-updated","file":"/Users/zj81920/应用开发/zj-huadong-erp/.superpowers/brainstorm/94078-1780470549/content/draft-entry.html"}
{"type":"screen-updated","file":"/Users/zj81920/应用开发/zj-huadong-erp/.superpowers/brainstorm/94078-1780470549/content/draft-entry.html"}
{"type":"screen-updated","file":"/Users/zj81920/应用开发/zj-huadong-erp/.superpowers/brainstorm/94078-1780470549/content/draft-entry.html"}
{"type":"screen-updated","file":"/Users/zj81920/应用开发/zj-huadong-erp/.superpowers/brainstorm/94078-1780470549/content/draft-entry.html"}
{"type":"screen-updated","file":"/Users/zj81920/应用开发/zj-huadong-erp/.superpowers/brainstorm/94078-1780470549/content/draft-entry.html"}
{"type":"screen-updated","file":"/Users/zj81920/应用开发/zj-huadong-erp/.superpowers/brainstorm/94078-1780470549/content/draft-entry.html"}
{"type":"screen-updated","file":"/Users/zj81920/应用开发/zj-huadong-erp/.superpowers/brainstorm/94078-1780470549/content/draft-entry.html"}
{"type":"screen-updated","file":"/Users/zj81920/应用开发/zj-huadong-erp/.superpowers/brainstorm/94078-1780470549/content/draft-entry.html"}
{"type":"screen-updated","file":"/Users/zj81920/应用开发/zj-huadong-erp/.superpowers/brainstorm/94078-1780470549/content/draft-entry.html"}
{"type":"screen-updated","file":"/Users/zj81920/应用开发/zj-huadong-erp/.superpowers/brainstorm/94078-1780470549/content/draft-entry.html"}
{"type":"screen-updated","file":"/Users/zj81920/应用开发/zj-huadong-erp/.superpowers/brainstorm/94078-1780470549/content/draft-entry.html"}
{"type":"screen-updated","file":"/Users/zj81920/应用开发/zj-huadong-erp/.superpowers/brainstorm/94078-1780470549/content/draft-entry.html"}
{"type":"screen-updated","file":"/Users/zj81920/应用开发/zj-huadong-erp/.superpowers/brainstorm/94078-1780470549/content/draft-entry.html"}
{"type":"screen-updated","file":"/Users/zj81920/应用开发/zj-huadong-erp/.superpowers/brainstorm/94078-1780470549/content/draft-entry.html"}
{"type":"screen-updated","file":"/Users/zj81920/应用开发/zj-huadong-erp/.superpowers/brainstorm/94078-1780470549/content/draft-entry.html"}
{"type":"screen-updated","file":"/Users/zj81920/应用开发/zj-huadong-erp/.superpowers/brainstorm/94078-1780470549/content/draft-entry.html"}
{"type":"screen-updated","file":"/Users/zj81920/应用开发/zj-huadong-erp/.superpowers/brainstorm/94078-1780470549/content/draft-entry.html"}
{"type":"screen-updated","file":"/Users/zj81920/应用开发/zj-huadong-erp/.superpowers/brainstorm/94078-1780470549/content/draft-entry.html"}
{"type":"screen-updated","file":"/Users/zj81920/应用开发/zj-huadong-erp/.superpowers/brainstorm/94078-1780470549/content/draft-entry.html"}
{"type":"screen-updated","file":"/Users/zj81920/应用开发/zj-huadong-erp/.superpowers/brainstorm/94078-1780470549/content/draft-entry.html"}
{"type":"screen-updated","file":"/Users/zj81920/应用开发/zj-huadong-erp/.superpowers/brainstorm/94078-1780470549/content/draft-entry.html"}
{"type":"screen-updated","file":"/Users/zj81920/应用开发/zj-huadong-erp/.superpowers/brainstorm/94078-1780470549/content/draft-entry.html"}
{"type":"screen-updated","file":"/Users/zj81920/应用开发/zj-huadong-erp/.superpowers/brainstorm/94078-1780470549/content/draft-entry.html"}
{"type":"screen-updated","file":"/Users/zj81920/应用开发/zj-huadong-erp/.superpowers/brainstorm/94078-1780470549/content/draft-entry.html"}
{"type":"screen-updated","file":"/Users/zj81920/应用开发/zj-huadong-erp/.superpowers/brainstorm/94078-1780470549/content/draft-entry.html"}
{"type":"screen-updated","file":"/Users/zj81920/应用开发/zj-huadong-erp/.superpowers/brainstorm/94078-1780470549/content/draft-entry.html"}
{"type":"screen-updated","file":"/Users/zj81920/应用开发/zj-huadong-erp/.superpowers/brainstorm/94078-1780470549/content/draft-entry.html"}
{"type":"screen-updated","file":"/Users/zj81920/应用开发/zj-huadong-erp/.superpowers/brainstorm/94078-1780470549/content/draft-entry.html"}
{"type":"screen-updated","file":"/Users/zj81920/应用开发/zj-huadong-erp/.superpowers/brainstorm/94078-1780470549/content/draft-entry.html"}
{"type":"screen-updated","file":"/Users/zj81920/应用开发/zj-huadong-erp/.superpowers/brainstorm/94078-1780470549/content/draft-entry.html"}
{"type":"screen-updated","file":"/Users/zj81920/应用开发/zj-huadong-erp/.superpowers/brainstorm/94078-1780470549/content/draft-entry.html"}
{"type":"screen-updated","file":"/Users/zj81920/应用开发/zj-huadong-erp/.superpowers/brainstorm/94078-1780470549/content/draft-entry.html"}
{"type":"screen-updated","file":"/Users/zj81920/应用开发/zj-huadong-erp/.superpowers/brainstorm/94078-1780470549/content/draft-entry.html"}
{"type":"screen-updated","file":"/Users/zj81920/应用开发/zj-huadong-erp/.superpowers/brainstorm/94078-1780470549/content/draft-entry.html"}
{"type":"screen-updated","file":"/Users/zj81920/应用开发/zj-huadong-erp/.superpowers/brainstorm/94078-1780470549/content/draft-entry.html"}
{"type":"screen-updated","file":"/Users/zj81920/应用开发/zj-huadong-erp/.superpowers/brainstorm/94078-1780470549/content/draft-entry.html"}
{"type":"screen-updated","file":"/Users/zj81920/应用开发/zj-huadong-erp/.superpowers/brainstorm/94078-1780470549/content/draft-entry.html"}
{"type":"screen-updated","file":"/Users/zj81920/应用开发/zj-huadong-erp/.superpowers/brainstorm/94078-1780470549/content/draft-entry.html"}
{"type":"screen-updated","file":"/Users/zj81920/应用开发/zj-huadong-erp/.superpowers/brainstorm/94078-1780470549/content/draft-entry.html"}
{"type":"screen-updated","file":"/Users/zj81920/应用开发/zj-huadong-erp/.superpowers/brainstorm/94078-1780470549/content/draft-entry.html"}
{"type":"screen-updated","file":"/Users/zj81920/应用开发/zj-huadong-erp/.superpowers/brainstorm/94078-1780470549/content/draft-entry.html"}
{"type":"screen-updated","file":"/Users/zj81920/应用开发/zj-huadong-erp/.superpowers/brainstorm/94078-1780470549/content/draft-entry.html"}
{"type":"screen-updated","file":"/Users/zj81920/应用开发/zj-huadong-erp/.superpowers/brainstorm/94078-1780470549/content/draft-entry.html"}
{"type":"screen-updated","file":"/Users/zj81920/应用开发/zj-huadong-erp/.superpowers/brainstorm/94078-1780470549/content/draft-entry.html"}
{"type":"screen-updated","file":"/Users/zj81920/应用开发/zj-huadong-erp/.superpowers/brainstorm/94078-1780470549/content/draft-entry.html"}
{"type":"screen-updated","file":"/Users/zj81920/应用开发/zj-huadong-erp/.superpowers/brainstorm/94078-1780470549/content/draft-entry.html"}
{"type":"screen-updated","file":"/Users/zj81920/应用开发/zj-huadong-erp/.superpowers/brainstorm/94078-1780470549/content/draft-entry.html"}
{"type":"screen-updated","file":"/Users/zj81920/应用开发/zj-huadong-erp/.superpowers/brainstorm/94078-1780470549/content/draft-entry.html"}
{"type":"screen-updated","file":"/Users/zj81920/应用开发/zj-huadong-erp/.superpowers/brainstorm/94078-1780470549/content/draft-entry.html"}
{"type":"screen-added","file":"/Users/zj81920/应用开发/zj-huadong-erp/.superpowers/brainstorm/94078-1780470549/content/waiting.html"}
{"type":"screen-updated","file":"/Users/zj81920/应用开发/zj-huadong-erp/.superpowers/brainstorm/94078-1780470549/content/waiting.html"}
{"type":"screen-updated","file":"/Users/zj81920/应用开发/zj-huadong-erp/.superpowers/brainstorm/94078-1780470549/content/waiting.html"}
{"type":"server-stopped","reason":"idle timeout"}
