{"type":"server-started","port":56070,"host":"127.0.0.1","url_host":"localhost","url":"http://localhost:56070","screen_dir":"/Users/zj81920/应用开发/zj-huadong-erp/.superpowers/brainstorm/93090-1781150664/content","state_dir":"/Users/zj81920/应用开发/zj-huadong-erp/.superpowers/brainstorm/93090-1781150664/state"}
{"type":"screen-added","file":"/Users/zj81920/应用开发/zj-huadong-erp/.superpowers/brainstorm/93090-1781150664/content/problems-overview.html"}
{"type":"screen-updated","file":"/Users/zj81920/应用开发/zj-huadong-erp/.superpowers/brainstorm/93090-1781150664/content/problems-overview.html"}
{"type":"screen-updated","file":"/Users/zj81920/应用开发/zj-huadong-erp/.superpowers/brainstorm/93090-1781150664/content/problems-overview.html"}
{"type":"screen-updated","file":"/Users/zj81920/应用开发/zj-huadong-erp/.superpowers/brainstorm/93090-1781150664/content/problems-overview.html"}
{"type":"screen-updated","file":"/Users/zj81920/应用开发/zj-huadong-erp/.superpowers/brainstorm/93090-1781150664/content/problems-overview.html"}
{"type":"screen-updated","file":"/Users/zj81920/应用开发/zj-huadong-erp/.superpowers/brainstorm/93090-1781150664/content/problems-overview.html"}
{"type":"screen-updated","file":"/Users/zj81920/应用开发/zj-huadong-erp/.superpowers/brainstorm/93090-1781150664/content/problems-overview.html"}
{"type":"screen-updated","file":"/Users/zj81920/应用开发/zj-huadong-erp/.superpowers/brainstorm/93090-1781150664/content/problems-overview.html"}
{"type":"screen-updated","file":"/Users/zj81920/应用开发/zj-huadong-erp/.superpowers/brainstorm/93090-1781150664/content/problems-overview.html"}
{"type":"screen-updated","file":"/Users/zj81920/应用开发/zj-huadong-erp/.superpowers/brainstorm/93090-1781150664/content/problems-overview.html"}
{"type":"screen-updated","file":"/Users/zj81920/应用开发/zj-huadong-erp/.superpowers/brainstorm/93090-1781150664/content/problems-overview.html"}
{"type":"screen-updated","file":"/Users/zj81920/应用开发/zj-huadong-erp/.superpowers/brainstorm/93090-1781150664/content/problems-overview.html"}
{"type":"screen-updated","file":"/Users/zj81920/应用开发/zj-huadong-erp/.superpowers/brainstorm/93090-1781150664/content/problems-overview.html"}
{"type":"screen-updated","file":"/Users/zj81920/应用开发/zj-huadong-erp/.superpowers/brainstorm/93090-1781150664/content/problems-overview.html"}
{"type":"screen-updated","file":"/Users/zj81920/应用开发/zj-huadong-erp/.superpowers/brainstorm/93090-1781150664/content/problems-overview.html"}
{"type":"screen-updated","file":"/Users/zj81920/应用开发/zj-huadong-erp/.superpowers/brainstorm/93090-1781150664/content/problems-overview.html"}
{"type":"screen-updated","file":"/Users/zj81920/应用开发/zj-huadong-erp/.superpowers/brainstorm/93090-1781150664/content/problems-overview.html"}
{"type":"screen-updated","file":"/Users/zj81920/应用开发/zj-huadong-erp/.superpowers/brainstorm/93090-1781150664/content/problems-overview.html"}
{"type":"screen-updated","file":"/Users/zj81920/应用开发/zj-huadong-erp/.superpowers/brainstorm/93090-1781150664/content/problems-overview.html"}
{"type":"screen-updated","file":"/Users/zj81920/应用开发/zj-huadong-erp/.superpowers/brainstorm/93090-1781150664/content/problems-overview.html"}
{"type":"screen-updated","file":"/Users/zj81920/应用开发/zj-huadong-erp/.superpowers/brainstorm/93090-1781150664/content/problems-overview.html"}
{"type":"screen-updated","file":"/Users/zj81920/应用开发/zj-huadong-erp/.superpowers/brainstorm/93090-1781150664/content/problems-overview.html"}
{"type":"screen-updated","file":"/Users/zj81920/应用开发/zj-huadong-erp/.superpowers/brainstorm/93090-1781150664/content/problems-overview.html"}
{"type":"screen-updated","file":"/Users/zj81920/应用开发/zj-huadong-erp/.superpowers/brainstorm/93090-1781150664/content/problems-overview.html"}
{"type":"screen-updated","file":"/Users/zj81920/应用开发/zj-huadong-erp/.superpowers/brainstorm/93090-1781150664/content/problems-overview.html"}
{"type":"screen-updated","file":"/Users/zj81920/应用开发/zj-huadong-erp/.superpowers/brainstorm/93090-1781150664/content/problems-overview.html"}
{"type":"screen-updated","file":"/Users/zj81920/应用开发/zj-huadong-erp/.superpowers/brainstorm/93090-1781150664/content/problems-overview.html"}
{"type":"screen-updated","file":"/Users/zj81920/应用开发/zj-huadong-erp/.superpowers/brainstorm/93090-1781150664/content/problems-overview.html"}
{"type":"screen-updated","file":"/Users/zj81920/应用开发/zj-huadong-erp/.superpowers/brainstorm/93090-1781150664/content/problems-overview.html"}
{"type":"screen-updated","file":"/Users/zj81920/应用开发/zj-huadong-erp/.superpowers/brainstorm/93090-1781150664/content/problems-overview.html"}
{"type":"screen-updated","file":"/Users/zj81920/应用开发/zj-huadong-erp/.superpowers/brainstorm/93090-1781150664/content/problems-overview.html"}
{"type":"screen-updated","file":"/Users/zj81920/应用开发/zj-huadong-erp/.superpowers/brainstorm/93090-1781150664/content/problems-overview.html"}
{"type":"screen-updated","file":"/Users/zj81920/应用开发/zj-huadong-erp/.superpowers/brainstorm/93090-1781150664/content/problems-overview.html"}
{"type":"screen-updated","file":"/Users/zj81920/应用开发/zj-huadong-erp/.superpowers/brainstorm/93090-1781150664/content/problems-overview.html"}
{"type":"screen-updated","file":"/Users/zj81920/应用开发/zj-huadong-erp/.superpowers/brainstorm/93090-1781150664/content/problems-overview.html"}
{"type":"screen-updated","file":"/Users/zj81920/应用开发/zj-huadong-erp/.superpowers/brainstorm/93090-1781150664/content/problems-overview.html"}
{"type":"screen-updated","file":"/Users/zj81920/应用开发/zj-huadong-erp/.superpowers/brainstorm/93090-1781150664/content/problems-overview.html"}
{"type":"screen-updated","file":"/Users/zj81920/应用开发/zj-huadong-erp/.superpowers/brainstorm/93090-1781150664/content/problems-overview.html"}
{"type":"screen-updated","file":"/Users/zj81920/应用开发/zj-huadong-erp/.superpowers/brainstorm/93090-1781150664/content/problems-overview.html"}
{"type":"screen-updated","file":"/Users/zj81920/应用开发/zj-huadong-erp/.superpowers/brainstorm/93090-1781150664/content/problems-overview.html"}
{"type":"screen-updated","file":"/Users/zj81920/应用开发/zj-huadong-erp/.superpowers/brainstorm/93090-1781150664/content/problems-overview.html"}
{"type":"screen-updated","file":"/Users/zj81920/应用开发/zj-huadong-erp/.superpowers/brainstorm/93090-1781150664/content/problems-overview.html"}
{"type":"screen-updated","file":"/Users/zj81920/应用开发/zj-huadong-erp/.superpowers/brainstorm/93090-1781150664/content/problems-overview.html"}
{"type":"screen-updated","file":"/Users/zj81920/应用开发/zj-huadong-erp/.superpowers/brainstorm/93090-1781150664/content/problems-overview.html"}
{"type":"screen-updated","file":"/Users/zj81920/应用开发/zj-huadong-erp/.superpowers/brainstorm/93090-1781150664/content/problems-overview.html"}
{"type":"screen-updated","file":"/Users/zj81920/应用开发/zj-huadong-erp/.superpowers/brainstorm/93090-1781150664/content/problems-overview.html"}
{"type":"screen-updated","file":"/Users/zj81920/应用开发/zj-huadong-erp/.superpowers/brainstorm/93090-1781150664/content/problems-overview.html"}
{"type":"screen-updated","file":"/Users/zj81920/应用开发/zj-huadong-erp/.superpowers/brainstorm/93090-1781150664/content/problems-overview.html"}
{"type":"screen-updated","file":"/Users/zj81920/应用开发/zj-huadong-erp/.superpowers/brainstorm/93090-1781150664/content/problems-overview.html"}
{"type":"screen-updated","file":"/Users/zj81920/应用开发/zj-huadong-erp/.superpowers/brainstorm/93090-1781150664/content/problems-overview.html"}
{"type":"screen-updated","file":"/Users/zj81920/应用开发/zj-huadong-erp/.superpowers/brainstorm/93090-1781150664/content/problems-overview.html"}
{"type":"screen-updated","file":"/Users/zj81920/应用开发/zj-huadong-erp/.superpowers/brainstorm/93090-1781150664/content/problems-overview.html"}
{"type":"screen-updated","file":"/Users/zj81920/应用开发/zj-huadong-erp/.superpowers/brainstorm/93090-1781150664/content/problems-overview.html"}
{"type":"screen-updated","file":"/Users/zj81920/应用开发/zj-huadong-erp/.superpowers/brainstorm/93090-1781150664/content/problems-overview.html"}
{"type":"screen-updated","file":"/Users/zj81920/应用开发/zj-huadong-erp/.superpowers/brainstorm/93090-1781150664/content/problems-overview.html"}
{"type":"screen-updated","file":"/Users/zj81920/应用开发/zj-huadong-erp/.superpowers/brainstorm/93090-1781150664/content/problems-overview.html"}
{"type":"screen-updated","file":"/Users/zj81920/应用开发/zj-huadong-erp/.superpowers/brainstorm/93090-1781150664/content/problems-overview.html"}
{"type":"screen-added","file":"/Users/zj81920/应用开发/zj-huadong-erp/.superpowers/brainstorm/93090-1781150664/content/gantt-options.html"}
{"type":"screen-added","file":"/Users/zj81920/应用开发/zj-huadong-erp/.superpowers/brainstorm/93090-1781150664/content/gantt-detail.html"}
{"type":"server-stopped","reason":"idle timeout"}
