{"type":"server-started","port":59549,"host":"127.0.0.1","url_host":"localhost","url":"http://localhost:59549","screen_dir":"/Users/zj81920/应用开发/zj-huadong-erp/.superpowers/brainstorm/23620-1780674391/content","state_dir":"/Users/zj81920/应用开发/zj-huadong-erp/.superpowers/brainstorm/23620-1780674391/state"}
{"type":"screen-added","file":"/Users/zj81920/应用开发/zj-huadong-erp/.superpowers/brainstorm/23620-1780674391/content/pagination-style.html"}
{"type":"screen-updated","file":"/Users/zj81920/应用开发/zj-huadong-erp/.superpowers/brainstorm/23620-1780674391/content/pagination-style.html"}
{"type":"screen-updated","file":"/Users/zj81920/应用开发/zj-huadong-erp/.superpowers/brainstorm/23620-1780674391/content/pagination-style.html"}
{"type":"screen-updated","file":"/Users/zj81920/应用开发/zj-huadong-erp/.superpowers/brainstorm/23620-1780674391/content/pagination-style.html"}
{"type":"screen-updated","file":"/Users/zj81920/应用开发/zj-huadong-erp/.superpowers/brainstorm/23620-1780674391/content/pagination-style.html"}
{"type":"screen-updated","file":"/Users/zj81920/应用开发/zj-huadong-erp/.superpowers/brainstorm/23620-1780674391/content/pagination-style.html"}
{"type":"screen-updated","file":"/Users/zj81920/应用开发/zj-huadong-erp/.superpowers/brainstorm/23620-1780674391/content/pagination-style.html"}
{"type":"screen-updated","file":"/Users/zj81920/应用开发/zj-huadong-erp/.superpowers/brainstorm/23620-1780674391/content/pagination-style.html"}
{"type":"screen-updated","file":"/Users/zj81920/应用开发/zj-huadong-erp/.superpowers/brainstorm/23620-1780674391/content/pagination-style.html"}
{"type":"screen-updated","file":"/Users/zj81920/应用开发/zj-huadong-erp/.superpowers/brainstorm/23620-1780674391/content/pagination-style.html"}
{"type":"screen-updated","file":"/Users/zj81920/应用开发/zj-huadong-erp/.superpowers/brainstorm/23620-1780674391/content/pagination-style.html"}
{"type":"screen-updated","file":"/Users/zj81920/应用开发/zj-huadong-erp/.superpowers/brainstorm/23620-1780674391/content/pagination-style.html"}
{"type":"screen-updated","file":"/Users/zj81920/应用开发/zj-huadong-erp/.superpowers/brainstorm/23620-1780674391/content/pagination-style.html"}
{"type":"screen-updated","file":"/Users/zj81920/应用开发/zj-huadong-erp/.superpowers/brainstorm/23620-1780674391/content/pagination-style.html"}
{"type":"screen-updated","file":"/Users/zj81920/应用开发/zj-huadong-erp/.superpowers/brainstorm/23620-1780674391/content/pagination-style.html"}
{"type":"screen-updated","file":"/Users/zj81920/应用开发/zj-huadong-erp/.superpowers/brainstorm/23620-1780674391/content/pagination-style.html"}
{"type":"screen-updated","file":"/Users/zj81920/应用开发/zj-huadong-erp/.superpowers/brainstorm/23620-1780674391/content/pagination-style.html"}
{"type":"screen-updated","file":"/Users/zj81920/应用开发/zj-huadong-erp/.superpowers/brainstorm/23620-1780674391/content/pagination-style.html"}
{"type":"screen-updated","file":"/Users/zj81920/应用开发/zj-huadong-erp/.superpowers/brainstorm/23620-1780674391/content/pagination-style.html"}
{"type":"screen-updated","file":"/Users/zj81920/应用开发/zj-huadong-erp/.superpowers/brainstorm/23620-1780674391/content/pagination-style.html"}
{"type":"screen-updated","file":"/Users/zj81920/应用开发/zj-huadong-erp/.superpowers/brainstorm/23620-1780674391/content/pagination-style.html"}
{"type":"screen-updated","file":"/Users/zj81920/应用开发/zj-huadong-erp/.superpowers/brainstorm/23620-1780674391/content/pagination-style.html"}
{"source":"user-event","type":"click","text":"D\n    \n      传统分页 + 每页条数可选\n      在传统分页基础上，允许用户选择每页显示条数（20/50/100），灵活性最高，ERP 推荐方案。","choice":"hybrid","id":null,"timestamp":1780674456361}
{"type":"screen-added","file":"/Users/zj81920/应用开发/zj-huadong-erp/.superpowers/brainstorm/23620-1780674391/content/approaches.html"}
{"type":"screen-updated","file":"/Users/zj81920/应用开发/zj-huadong-erp/.superpowers/brainstorm/23620-1780674391/content/approaches.html"}
{"type":"screen-updated","file":"/Users/zj81920/应用开发/zj-huadong-erp/.superpowers/brainstorm/23620-1780674391/content/approaches.html"}
{"type":"screen-updated","file":"/Users/zj81920/应用开发/zj-huadong-erp/.superpowers/brainstorm/23620-1780674391/content/approaches.html"}
{"type":"screen-updated","file":"/Users/zj81920/应用开发/zj-huadong-erp/.superpowers/brainstorm/23620-1780674391/content/approaches.html"}
{"type":"screen-updated","file":"/Users/zj81920/应用开发/zj-huadong-erp/.superpowers/brainstorm/23620-1780674391/content/approaches.html"}
{"type":"screen-updated","file":"/Users/zj81920/应用开发/zj-huadong-erp/.superpowers/brainstorm/23620-1780674391/content/approaches.html"}
{"type":"screen-updated","file":"/Users/zj81920/应用开发/zj-huadong-erp/.superpowers/brainstorm/23620-1780674391/content/approaches.html"}
{"type":"screen-updated","file":"/Users/zj81920/应用开发/zj-huadong-erp/.superpowers/brainstorm/23620-1780674391/content/approaches.html"}
{"type":"screen-updated","file":"/Users/zj81920/应用开发/zj-huadong-erp/.superpowers/brainstorm/23620-1780674391/content/approaches.html"}
{"type":"screen-updated","file":"/Users/zj81920/应用开发/zj-huadong-erp/.superpowers/brainstorm/23620-1780674391/content/approaches.html"}
{"type":"screen-updated","file":"/Users/zj81920/应用开发/zj-huadong-erp/.superpowers/brainstorm/23620-1780674391/content/approaches.html"}
{"type":"screen-updated","file":"/Users/zj81920/应用开发/zj-huadong-erp/.superpowers/brainstorm/23620-1780674391/content/approaches.html"}
{"type":"screen-updated","file":"/Users/zj81920/应用开发/zj-huadong-erp/.superpowers/brainstorm/23620-1780674391/content/approaches.html"}
{"type":"screen-updated","file":"/Users/zj81920/应用开发/zj-huadong-erp/.superpowers/brainstorm/23620-1780674391/content/approaches.html"}
{"type":"screen-updated","file":"/Users/zj81920/应用开发/zj-huadong-erp/.superpowers/brainstorm/23620-1780674391/content/approaches.html"}
{"type":"screen-updated","file":"/Users/zj81920/应用开发/zj-huadong-erp/.superpowers/brainstorm/23620-1780674391/content/approaches.html"}
{"type":"screen-updated","file":"/Users/zj81920/应用开发/zj-huadong-erp/.superpowers/brainstorm/23620-1780674391/content/approaches.html"}
{"type":"screen-updated","file":"/Users/zj81920/应用开发/zj-huadong-erp/.superpowers/brainstorm/23620-1780674391/content/approaches.html"}
{"type":"screen-updated","file":"/Users/zj81920/应用开发/zj-huadong-erp/.superpowers/brainstorm/23620-1780674391/content/approaches.html"}
{"type":"screen-updated","file":"/Users/zj81920/应用开发/zj-huadong-erp/.superpowers/brainstorm/23620-1780674391/content/approaches.html"}
{"type":"screen-updated","file":"/Users/zj81920/应用开发/zj-huadong-erp/.superpowers/brainstorm/23620-1780674391/content/approaches.html"}
{"type":"screen-updated","file":"/Users/zj81920/应用开发/zj-huadong-erp/.superpowers/brainstorm/23620-1780674391/content/approaches.html"}
{"type":"screen-updated","file":"/Users/zj81920/应用开发/zj-huadong-erp/.superpowers/brainstorm/23620-1780674391/content/approaches.html"}
{"type":"screen-updated","file":"/Users/zj81920/应用开发/zj-huadong-erp/.superpowers/brainstorm/23620-1780674391/content/approaches.html"}
{"type":"screen-updated","file":"/Users/zj81920/应用开发/zj-huadong-erp/.superpowers/brainstorm/23620-1780674391/content/approaches.html"}
{"type":"screen-updated","file":"/Users/zj81920/应用开发/zj-huadong-erp/.superpowers/brainstorm/23620-1780674391/content/approaches.html"}
{"type":"screen-updated","file":"/Users/zj81920/应用开发/zj-huadong-erp/.superpowers/brainstorm/23620-1780674391/content/approaches.html"}
{"type":"screen-updated","file":"/Users/zj81920/应用开发/zj-huadong-erp/.superpowers/brainstorm/23620-1780674391/content/approaches.html"}
{"type":"screen-updated","file":"/Users/zj81920/应用开发/zj-huadong-erp/.superpowers/brainstorm/23620-1780674391/content/approaches.html"}
{"type":"screen-updated","file":"/Users/zj81920/应用开发/zj-huadong-erp/.superpowers/brainstorm/23620-1780674391/content/approaches.html"}
{"type":"screen-updated","file":"/Users/zj81920/应用开发/zj-huadong-erp/.superpowers/brainstorm/23620-1780674391/content/approaches.html"}
{"type":"screen-updated","file":"/Users/zj81920/应用开发/zj-huadong-erp/.superpowers/brainstorm/23620-1780674391/content/approaches.html"}
{"type":"screen-updated","file":"/Users/zj81920/应用开发/zj-huadong-erp/.superpowers/brainstorm/23620-1780674391/content/approaches.html"}
{"type":"screen-updated","file":"/Users/zj81920/应用开发/zj-huadong-erp/.superpowers/brainstorm/23620-1780674391/content/approaches.html"}
{"type":"screen-updated","file":"/Users/zj81920/应用开发/zj-huadong-erp/.superpowers/brainstorm/23620-1780674391/content/approaches.html"}
{"type":"screen-updated","file":"/Users/zj81920/应用开发/zj-huadong-erp/.superpowers/brainstorm/23620-1780674391/content/approaches.html"}
{"type":"screen-added","file":"/Users/zj81920/应用开发/zj-huadong-erp/.superpowers/brainstorm/23620-1780674391/content/architecture.html"}
{"type":"screen-added","file":"/Users/zj81920/应用开发/zj-huadong-erp/.superpowers/brainstorm/23620-1780674391/content/dataflow.html"}
{"type":"screen-added","file":"/Users/zj81920/应用开发/zj-huadong-erp/.superpowers/brainstorm/23620-1780674391/content/waiting.html"}
{"type":"screen-added","file":"/Users/zj81920/应用开发/zj-huadong-erp/.superpowers/brainstorm/23620-1780674391/content/row-color-style.html"}
{"type":"screen-added","file":"/Users/zj81920/应用开发/zj-huadong-erp/.superpowers/brainstorm/23620-1780674391/content/row-color-design.html"}
{"type":"screen-added","file":"/Users/zj81920/应用开发/zj-huadong-erp/.superpowers/brainstorm/23620-1780674391/content/waiting-2.html"}
{"type":"server-stopped","reason":"idle timeout"}
